Timestamp,TotalRequests,RejectedRequests,ProbabilityOfRejection,AverageBufferTime,AverageProcessingTime,Specialist1WorkTimeRatio,Specialist2WorkTimeRatio,Specialist3WorkTimeRatio
2024-12-25T03:23:48.2208416+03:00,1,0,0.0000,0.000000,0.000000,0.0000,0.0000,0.0000
2024-12-25T03:23:48.3609433+03:00,2,0,0.0000,0.000000,0.000000,0.0000,0.0000,0.0000
2024-12-25T03:23:48.4648501+03:00,2,0,0.0000,0.000000,0.000000,0.0000,0.0000,0.0000
2024-12-25T03:23:48.5686259+03:00,3,0,0.0000,0.000000,0.000000,0.0000,0.0000,0.0000
2024-12-25T03:23:48.6716782+03:00,3,0,0.0000,0.000000,0.000000,0.0000,0.0000,0.0000
2024-12-25T03:23:48.7755485+03:00,4,0,0.0000,0.000000,0.000000,0.0000,0.0000,0.0000
2024-12-25T03:23:48.8789341+03:00,4,0,0.0000,0.000000,0.000000,0.0000,0.0000,0.0000
2024-12-25T03:23:48.9817293+03:00,5,0,0.0000,0.000000,0.000000,0.0000,0.0000,0.0000
2024-12-25T03:23:49.0860698+03:00,5,0,0.0000,0.000000,0.000000,0.0000,0.0000,0.0000
2024-12-25T03:23:49.1906832+03:00,6,0,0.0000,0.000000,0.000000,0.0000,0.0000,0.0000
2024-12-25T03:23:49.2948815+03:00,6,0,0.0000,0.000000,0.000000,0.0000,0.0000,0.0000
2024-12-25T03:23:49.3977288+03:00,7,0,0.0000,0.000000,0.000000,0.0000,0.0000,0.0000
2024-12-25T03:23:49.5010673+03:00,7,0,0.0000,0.000000,0.000000,0.0000,0.0000,0.0000
2024-12-25T03:23:49.6053156+03:00,8,0,0.0000,0.000000,0.000000,0.0000,0.0000,0.0000
2024-12-25T03:23:49.7096238+03:00,8,0,0.0000,0.000000,0.000000,0.0000,0.0000,0.0000
2024-12-25T03:23:49.8130389+03:00,9,0,0.0000,0.000000,0.000000,0.0000,0.0000,0.0000
2024-12-25T03:23:49.9176738+03:00,9,0,0.0000,0.000000,0.000000,0.0000,0.0000,0.0000
2024-12-25T03:23:50.0214046+03:00,10,0,0.0000,0.000000,0.000000,0.0000,0.0000,0.0000
2024-12-25T03:23:50.1260955+03:00,11,0,0.0000,0.000000,0.000000,0.0000,0.0000,0.0000
2024-12-25T03:23:50.2298509+03:00,11,0,0.0000,0.000000,0.000000,0.0000,0.0000,0.0000
2024-12-25T03:23:50.3344536+03:00,12,0,0.0000,0.000000,0.000000,0.0000,0.0000,0.0000
2024-12-25T03:23:50.4383645+03:00,12,0,0.0000,0.000000,0.000000,0.0000,0.0000,0.0000
2024-12-25T03:23:50.5413808+03:00,13,0,0.0000,0.000000,0.000000,0.0000,0.0000,0.0000
2024-12-25T03:23:50.6453795+03:00,13,0,0.0000,0.000000,0.000000,0.0000,0.0000,0.0000
2024-12-25T03:23:50.7491844+03:00,14,0,0.0000,0.000000,0.000000,0.0000,0.0000,0.0000
2024-12-25T03:23:50.8535765+03:00,14,0,0.0000,0.000000,0.000000,0.0000,0.0000,0.0000
2024-12-25T03:23:50.9581418+03:00,15,0,0.0000,0.000000,0.000000,0.0000,0.0000,0.0000
2024-12-25T03:23:51.0636122+03:00,15,0,0.0000,0.000000,0.000000,0.0000,0.0000,0.0000
2024-12-25T03:23:51.1677277+03:00,16,0,0.0000,0.000000,0.000000,0.0000,0.0000,0.0000
2024-12-25T03:23:51.2709832+03:00,16,0,0.0000,0.000000,0.000000,0.0000,0.0000,0.0000
2024-12-25T03:23:51.392371+03:00,17,0,0.0000,0.000000,0.000000,0.0000,0.0000,0.0000
2024-12-25T03:23:51.4936772+03:00,17,0,0.0000,0.000000,0.000000,0.0000,0.0000,0.0000
2024-12-25T03:23:51.5974035+03:00,18,0,0.0000,0.000000,0.000000,0.0000,0.0000,0.0000
2024-12-25T03:23:51.7025107+03:00,18,0,0.0000,0.000000,0.000000,0.0000,0.0000,0.0000
2024-12-25T03:23:51.807157+03:00,19,0,0.0000,0.000000,0.000000,0.0000,0.0000,0.0000
2024-12-25T03:23:51.910805+03:00,19,0,0.0000,0.000000,0.000000,0.0000,0.0000,0.0000
2024-12-25T03:23:52.0161801+03:00,20,0,0.0000,0.000000,0.000000,0.0000,0.0000,0.0000
2024-12-25T03:23:52.1196289+03:00,20,0,0.0000,0.000000,0.000000,0.0000,0.0000,0.0000
2024-12-25T03:23:52.2230605+03:00,21,0,0.0000,0.000000,0.000000,0.0000,0.0000,0.0000
2024-12-25T03:23:52.3282654+03:00,21,0,0.0000,0.000000,0.000000,0.0000,0.0000,0.0000
2024-12-25T03:23:52.4319105+03:00,22,0,0.0000,0.000000,0.000000,0.0000,0.0000,0.0000
2024-12-25T03:23:52.5366334+03:00,23,0,0.0000,0.000000,0.000000,0.0000,0.0000,0.0000
2024-12-25T03:23:52.6404843+03:00,23,0,0.0000,0.000000,0.000000,0.0000,0.0000,0.0000
2024-12-25T03:23:52.7442742+03:00,24,0,0.0000,0.000000,0.000000,0.0000,0.0000,0.0000
2024-12-25T03:23:52.8493857+03:00,24,0,0.0000,0.000000,0.000000,0.0000,0.0000,0.0000
2024-12-25T03:23:52.9544375+03:00,25,0,0.0000,0.000000,0.000000,0.0000,0.0000,0.0000
2024-12-25T03:23:53.058996+03:00,25,0,0.0000,0.000000,0.000000,0.0000,0.0000,0.0000
2024-12-25T03:23:53.1639875+03:00,26,0,0.0000,0.000000,0.000000,0.0000,0.0000,0.0000
2024-12-25T03:23:53.2677732+03:00,26,0,0.0000,0.000000,0.000000,0.0000,0.0000,0.0000
2024-12-25T03:23:53.3720992+03:00,27,0,0.0000,0.000000,0.000000,0.0000,0.0000,0.0000
2024-12-25T03:23:53.4757196+03:00,27,0,0.0000,0.000000,0.000000,0.0000,0.0000,0.0000
2024-12-25T03:23:53.5803129+03:00,28,0,0.0000,0.000000,0.000000,0.0000,0.0000,0.0000
2024-12-25T03:23:53.6850224+03:00,28,0,0.0000,0.000000,0.000000,0.0000,0.0000,0.0000
2024-12-25T03:23:53.7900538+03:00,29,0,0.0000,0.000000,0.000000,0.0000,0.0000,0.0000
2024-12-25T03:23:53.8958468+03:00,29,0,0.0000,0.000000,0.000000,0.0000,0.0000,0.0000
2024-12-25T03:23:54.0022239+03:00,30,0,0.0000,0.000000,0.000000,0.0000,0.0000,0.0000
2024-12-25T03:23:54.1065741+03:00,30,0,0.0000,0.000000,0.000000,0.0000,0.0000,0.0000
2024-12-25T03:23:54.2100816+03:00,31,0,0.0000,0.000000,0.000000,0.0000,0.0000,0.0000
2024-12-25T03:23:54.3146447+03:00,31,0,0.0000,0.000000,0.000000,0.0000,0.0000,0.0000
2024-12-25T03:23:54.4179399+03:00,32,0,0.0000,0.000000,0.000000,0.0000,0.0000,0.0000
2024-12-25T03:23:54.521273+03:00,32,0,0.0000,0.000000,0.000000,0.0000,0.0000,0.0000
2024-12-25T03:23:54.6252154+03:00,33,0,0.0000,0.000000,0.000000,0.0000,0.0000,0.0000
2024-12-25T03:23:54.7289821+03:00,33,0,0.0000,0.000000,0.000000,0.0000,0.0000,0.0000
2024-12-25T03:23:54.8339664+03:00,34,0,0.0000,0.000000,0.000000,0.0000,0.0000,0.0000
2024-12-25T03:23:54.9371981+03:00,34,0,0.0000,0.000000,0.000000,0.0000,0.0000,0.0000
2024-12-25T03:23:55.0452034+03:00,35,0,0.0000,0.000000,0.000000,0.0000,0.0000,0.0000
2024-12-25T03:23:55.1490229+03:00,36,0,0.0000,0.000000,0.000000,0.0000,0.0000,0.0000
2024-12-25T03:23:55.2529875+03:00,36,0,0.0000,0.000000,0.000000,0.0000,0.0000,0.0000
2024-12-25T03:23:55.3577498+03:00,37,0,0.0000,0.000000,0.000000,0.0000,0.0000,0.0000
2024-12-25T03:23:55.4626549+03:00,37,0,0.0000,0.000000,0.000000,0.0000,0.0000,0.0000
2024-12-25T03:23:55.56794+03:00,38,0,0.0000,0.000000,0.000000,0.0000,0.0000,0.0000
2024-12-25T03:23:55.6729113+03:00,38,0,0.0000,0.000000,0.000000,0.0000,0.0000,0.0000
2024-12-25T03:23:55.7776529+03:00,39,0,0.0000,0.000000,0.000000,0.0000,0.0000,0.0000
2024-12-25T03:23:55.8844541+03:00,39,0,0.0000,0.000000,0.000000,0.0000,0.0000,0.0000
2024-12-25T03:23:55.990478+03:00,40,0,0.0000,0.000000,0.000000,0.0000,0.0000,0.0000
2024-12-25T03:23:56.0950463+03:00,40,0,0.0000,0.000000,0.000000,0.0000,0.0000,0.0000
2024-12-25T03:23:56.1996959+03:00,41,0,0.0000,0.000000,0.000000,0.0000,0.0000,0.0000
2024-12-25T03:23:56.3019724+03:00,41,0,0.0000,0.000000,0.000000,0.0000,0.0000,0.0000
2024-12-25T03:23:56.412017+03:00,42,0,0.0000,0.000000,0.000000,0.0000,0.0000,0.0000
2024-12-25T03:23:56.5159372+03:00,42,0,0.0000,0.000000,0.000000,0.0000,0.0000,0.0000
2024-12-25T03:23:56.6205562+03:00,43,0,0.0000,0.000000,0.000000,0.0000,0.0000,0.0000
2024-12-25T03:23:56.7241542+03:00,43,0,0.0000,0.000000,0.000000,0.0000,0.0000,0.0000
2024-12-25T03:23:56.8282973+03:00,44,0,0.0000,0.000000,0.000000,0.0000,0.0000,0.0000
2024-12-25T03:23:56.93118+03:00,44,0,0.0000,0.000000,0.000000,0.0000,0.0000,0.0000
2024-12-25T03:23:57.035908+03:00,45,0,0.0000,0.000000,0.000000,0.0000,0.0000,0.0000
2024-12-25T03:23:57.1400601+03:00,45,0,0.0000,0.000000,0.000000,0.0000,0.0000,0.0000
2024-12-25T03:23:57.2440322+03:00,46,0,0.0000,0.000000,0.000000,0.0000,0.0000,0.0000
2024-12-25T03:23:57.3491139+03:00,47,0,0.0000,0.000000,0.000000,0.0000,0.0000,0.0000
2024-12-25T03:23:57.4538928+03:00,47,0,0.0000,0.000000,0.000000,0.0000,0.0000,0.0000
2024-12-25T03:23:57.5595471+03:00,48,0,0.0000,0.000000,0.000000,0.0000,0.0000,0.0000
2024-12-25T03:23:57.663576+03:00,48,0,0.0000,0.000000,0.000000,0.0000,0.0000,0.0000
2024-12-25T03:23:57.7680015+03:00,49,0,0.0000,0.000000,0.000000,0.0000,0.0000,0.0000
2024-12-25T03:23:57.8727263+03:00,49,0,0.0000,0.000000,0.000000,0.0000,0.0000,0.0000
2024-12-25T03:23:57.9767083+03:00,50,0,0.0000,0.000000,0.000000,0.0000,0.0000,0.0000
2024-12-25T03:23:58.0800465+03:00,50,0,0.0000,0.000000,0.000000,0.0000,0.0000,0.0000
2024-12-25T03:23:58.1847017+03:00,51,0,0.0000,0.000000,0.000000,0.0000,0.0000,0.0000
2024-12-25T03:23:58.2882888+03:00,51,0,0.0000,0.000000,0.000000,0.0000,0.0000,0.0000
2024-12-25T03:23:58.3933189+03:00,52,0,0.0000,0.000000,0.000000,0.0000,0.0000,0.0000
2024-12-25T03:23:58.4961187+03:00,52,0,0.0000,0.000000,0.000000,0.0000,0.0000,0.0000
2024-12-25T03:23:58.6001324+03:00,53,0,0.0000,0.000000,0.000000,0.0000,0.0000,0.0000
2024-12-25T03:23:58.705245+03:00,53,0,0.0000,0.000000,0.000000,0.0000,0.0000,0.0000
2024-12-25T03:23:58.810684+03:00,54,0,0.0000,0.000000,0.000000,0.0000,0.0000,0.0000
2024-12-25T03:23:58.9169365+03:00,54,0,0.0000,0.000000,0.000000,0.0000,0.0000,0.0000
2024-12-25T03:23:59.023089+03:00,55,0,0.0000,0.000000,0.000000,0.0000,0.0000,0.0000
2024-12-25T03:23:59.1273274+03:00,55,0,0.0000,0.000000,0.000000,0.0000,0.0000,0.0000
2024-12-25T03:23:59.2331688+03:00,56,0,0.0000,0.000000,0.000000,0.0000,0.0000,0.0000
2024-12-25T03:23:59.3384564+03:00,56,0,0.0000,0.000000,0.000000,0.0000,0.0000,0.0000
2024-12-25T03:23:59.4437731+03:00,57,0,0.0000,0.000000,0.000000,0.0000,0.0000,0.0000
2024-12-25T03:23:59.5476927+03:00,57,0,0.0000,0.000000,0.000000,0.0000,0.0000,0.0000
2024-12-25T03:23:59.6524817+03:00,58,0,0.0000,0.000000,0.000000,0.0000,0.0000,0.0000
2024-12-25T03:23:59.7573911+03:00,59,0,0.0000,0.000000,0.000000,0.0000,0.0000,0.0000
2024-12-25T03:23:59.8609858+03:00,59,0,0.0000,0.000000,0.000000,0.0000,0.0000,0.0000
2024-12-25T03:23:59.9644627+03:00,60,0,0.0000,0.000000,0.000000,0.0000,0.0000,0.0000
2024-12-25T03:24:00.0676901+03:00,60,0,0.0000,0.000000,0.000000,0.0000,0.0000,0.0000
2024-12-25T03:24:00.17231+03:00,61,0,0.0000,0.000000,0.000000,0.0000,0.0000,0.0000
2024-12-25T03:24:00.277146+03:00,61,0,0.0000,0.000000,0.000000,0.0000,0.0000,0.0000
2024-12-25T03:24:00.3825231+03:00,62,0,0.0000,0.000000,0.000000,0.0000,0.0000,0.0000
2024-12-25T03:24:00.4869722+03:00,62,0,0.0000,0.000000,0.000000,0.0000,0.0000,0.0000
2024-12-25T03:24:00.5905082+03:00,63,0,0.0000,0.000000,0.000000,0.0000,0.0000,0.0000
2024-12-25T03:24:00.6937629+03:00,63,0,0.0000,0.000000,0.000000,0.0000,0.0000,0.0000
2024-12-25T03:24:00.7975168+03:00,64,0,0.0000,0.000000,0.000000,0.0000,0.0000,0.0000
2024-12-25T03:24:00.8998835+03:00,64,0,0.0000,0.000000,0.000000,0.0000,0.0000,0.0000
2024-12-25T03:24:01.0046632+03:00,65,0,0.0000,0.000000,0.000000,0.0000,0.0000,0.0000
2024-12-25T03:24:01.1085983+03:00,65,0,0.0000,0.000000,0.000000,0.0000,0.0000,0.0000
2024-12-25T03:24:01.2121377+03:00,66,0,0.0000,0.000000,0.000000,0.0000,0.0000,0.0000
2024-12-25T03:24:01.3154495+03:00,66,0,0.0000,0.000000,0.000000,0.0000,0.0000,0.0000
2024-12-25T03:24:01.4193663+03:00,67,0,0.0000,0.000000,0.000000,0.0000,0.0000,0.0000
2024-12-25T03:24:01.5249275+03:00,67,0,0.0000,0.000000,0.000000,0.0000,0.0000,0.0000
2024-12-25T03:24:01.6302085+03:00,68,0,0.0000,0.000000,0.000000,0.0000,0.0000,0.0000
2024-12-25T03:24:01.7347143+03:00,68,0,0.0000,0.000000,0.000000,0.0000,0.0000,0.0000
2024-12-25T03:24:01.8382439+03:00,69,0,0.0000,0.000000,0.000000,0.0000,0.0000,0.0000
2024-12-25T03:24:01.9427971+03:00,69,0,0.0000,0.000000,0.000000,0.0000,0.0000,0.0000
2024-12-25T03:24:02.0477173+03:00,70,0,0.0000,0.000000,0.000000,0.0000,0.0000,0.0000
2024-12-25T03:24:02.149895+03:00,70,0,0.0000,0.000000,0.000000,0.0000,0.0000,0.0000
2024-12-25T03:24:02.2503554+03:00,71,0,0.0000,0.000000,0.000000,0.0000,0.0000,0.0000
2024-12-25T03:24:02.3533976+03:00,71,0,0.0000,0.000000,0.000000,0.0000,0.0000,0.0000
2024-12-25T03:24:02.4580508+03:00,72,0,0.0000,0.000000,0.000000,0.0000,0.0000,0.0000
2024-12-25T03:24:02.5630791+03:00,73,0,0.0000,0.000000,0.000000,0.0000,0.0000,0.0000
2024-12-25T03:24:02.6633734+03:00,73,0,0.0000,0.000000,0.000000,0.0000,0.0000,0.0000
2024-12-25T03:24:02.7677282+03:00,74,0,0.0000,0.000000,0.000000,0.0000,0.0000,0.0000
2024-12-25T03:24:02.8718801+03:00,74,0,0.0000,0.000000,0.000000,0.0000,0.0000,0.0000
2024-12-25T03:24:02.9722474+03:00,75,0,0.0000,0.000000,0.000000,0.0000,0.0000,0.0000
2024-12-25T03:24:03.0763507+03:00,75,0,0.0000,0.000000,0.000000,0.0000,0.0000,0.0000
2024-12-25T03:24:03.1806365+03:00,76,0,0.0000,0.000000,0.000000,0.0000,0.0000,0.0000
2024-12-25T03:24:03.2839014+03:00,76,0,0.0000,0.000000,0.000000,0.0000,0.0000,0.0000
2024-12-25T03:24:03.3882904+03:00,77,0,0.0000,0.000000,0.000000,0.0000,0.0000,0.0000
2024-12-25T03:24:03.4921555+03:00,77,0,0.0000,0.000000,0.000000,0.0000,0.0000,0.0000
2024-12-25T03:24:03.5959312+03:00,78,0,0.0000,0.000000,0.000000,0.0000,0.0000,0.0000
2024-12-25T03:24:03.6992243+03:00,78,0,0.0000,0.000000,0.000000,0.0000,0.0000,0.0000
2024-12-25T03:24:03.8034699+03:00,79,0,0.0000,0.000000,0.000000,0.0000,0.0000,0.0000
2024-12-25T03:24:03.9082037+03:00,79,0,0.0000,0.000000,0.000000,0.0000,0.0000,0.0000
2024-12-25T03:24:04.0166362+03:00,80,0,0.0000,0.000000,0.000000,0.0000,0.0000,0.0000
2024-12-25T03:24:04.1198636+03:00,80,0,0.0000,0.000000,0.000000,0.0000,0.0000,0.0000
2024-12-25T03:24:04.2239341+03:00,81,0,0.0000,0.000000,0.000000,0.0000,0.0000,0.0000
2024-12-25T03:24:04.3270569+03:00,81,0,0.0000,0.000000,0.000000,0.0000,0.0000,0.0000
2024-12-25T03:24:04.4304526+03:00,82,0,0.0000,0.000000,0.000000,0.0000,0.0000,0.0000
2024-12-25T03:24:04.5346923+03:00,82,0,0.0000,0.000000,0.000000,0.0000,0.0000,0.0000
2024-12-25T03:24:04.6428799+03:00,83,0,0.0000,0.000000,0.000000,0.0000,0.0000,0.0000
2024-12-25T03:24:04.7451715+03:00,83,0,0.0000,0.000000,0.000000,0.0000,0.0000,0.0000
2024-12-25T03:24:04.850017+03:00,84,0,0.0000,0.000000,0.000000,0.0000,0.0000,0.0000
2024-12-25T03:24:04.9540988+03:00,84,0,0.0000,0.000000,0.000000,0.0000,0.0000,0.0000
2024-12-25T03:24:05.0579132+03:00,85,0,0.0000,0.000000,0.000000,0.0000,0.0000,0.0000
2024-12-25T03:24:05.1636851+03:00,85,0,0.0000,0.000000,0.000000,0.0000,0.0000,0.0000
2024-12-25T03:24:05.2684151+03:00,86,0,0.0000,0.000000,0.000000,0.0000,0.0000,0.0000
2024-12-25T03:24:05.3724029+03:00,87,0,0.0000,0.000000,0.000000,0.0000,0.0000,0.0000
2024-12-25T03:24:05.4771288+03:00,87,0,0.0000,0.000000,0.000000,0.0000,0.0000,0.0000
2024-12-25T03:24:05.5821854+03:00,88,0,0.0000,0.000000,0.000000,0.0000,0.0000,0.0000
2024-12-25T03:24:05.6868982+03:00,88,0,0.0000,0.000000,0.000000,0.0000,0.0000,0.0000
2024-12-25T03:24:05.7914373+03:00,89,0,0.0000,0.000000,0.000000,0.0000,0.0000,0.0000
2024-12-25T03:24:05.8965584+03:00,89,0,0.0000,0.000000,0.000000,0.0000,0.0000,0.0000
2024-12-25T03:24:06.0003523+03:00,90,0,0.0000,0.000000,0.000000,0.0000,0.0000,0.0000
2024-12-25T03:24:06.1041432+03:00,90,0,0.0000,0.000000,0.000000,0.0000,0.0000,0.0000
2024-12-25T03:24:06.2089563+03:00,91,0,0.0000,0.000000,0.000000,0.0000,0.0000,0.0000
2024-12-25T03:24:06.3123943+03:00,91,0,0.0000,0.000000,0.000000,0.0000,0.0000,0.0000
2024-12-25T03:24:06.4158428+03:00,92,0,0.0000,0.000000,0.000000,0.0000,0.0000,0.0000
2024-12-25T03:24:06.5206278+03:00,92,0,0.0000,0.000000,0.000000,0.0000,0.0000,0.0000
2024-12-25T03:24:06.6260714+03:00,93,0,0.0000,0.000000,0.000000,0.0000,0.0000,0.0000
2024-12-25T03:24:06.7306073+03:00,93,0,0.0000,0.000000,0.000000,0.0000,0.0000,0.0000
2024-12-25T03:24:06.8344866+03:00,94,0,0.0000,0.000000,0.000000,0.0000,0.0000,0.0000
2024-12-25T03:24:06.9381763+03:00,94,0,0.0000,0.000000,0.000000,0.0000,0.0000,0.0000
2024-12-25T03:24:07.043772+03:00,95,0,0.0000,0.000000,0.000000,0.0000,0.0000,0.0000
2024-12-25T03:24:07.1482135+03:00,95,0,0.0000,0.000000,0.000000,0.0000,0.0000,0.0000
2024-12-25T03:24:07.2530434+03:00,96,0,0.0000,0.000000,0.000000,0.0000,0.0000,0.0000
2024-12-25T03:24:07.3578562+03:00,96,0,0.0000,0.000000,0.000000,0.0000,0.0000,0.0000
2024-12-25T03:24:07.4588363+03:00,97,0,0.0000,0.000000,0.000000,0.0000,0.0000,0.0000
2024-12-25T03:24:07.563129+03:00,97,0,0.0000,0.000000,0.000000,0.0000,0.0000,0.0000
2024-12-25T03:24:07.6687019+03:00,98,0,0.0000,0.000000,0.000000,0.0000,0.0000,0.0000
2024-12-25T03:24:07.7737123+03:00,98,0,0.0000,0.000000,0.000000,0.0000,0.0000,0.0000
2024-12-25T03:24:07.8778675+03:00,99,0,0.0000,0.000000,0.000000,0.0000,0.0000,0.0000
2024-12-25T03:24:07.9823011+03:00,100,0,0.0000,0.000000,0.000000,0.0000,0.0000,0.0000
2024-12-25T03:24:08.0886247+03:00,100,0,0.0000,0.000000,0.000000,0.0000,0.0000,0.0000
2024-12-25T03:24:08.1942023+03:00,101,0,0.0000,0.000000,0.000000,0.0000,0.0000,0.0000
2024-12-25T03:24:08.2998366+03:00,101,0,0.0000,0.000000,0.000000,0.0000,0.0000,0.0000
2024-12-25T03:24:08.4045876+03:00,102,0,0.0000,0.000000,0.000000,0.0000,0.0000,0.0000
2024-12-25T03:24:08.5102723+03:00,102,0,0.0000,0.000000,0.000000,0.0000,0.0000,0.0000
2024-12-25T03:24:08.616018+03:00,103,0,0.0000,0.000000,0.000000,0.0000,0.0000,0.0000
2024-12-25T03:24:08.7217672+03:00,103,0,0.0000,0.000000,0.000000,0.0000,0.0000,0.0000
2024-12-25T03:24:08.8266403+03:00,104,0,0.0000,0.000000,0.000000,0.0000,0.0000,0.0000
2024-12-25T03:24:08.9306477+03:00,104,0,0.0000,0.000000,0.000000,0.0000,0.0000,0.0000
2024-12-25T03:24:09.035916+03:00,105,0,0.0000,0.000000,0.000000,0.0000,0.0000,0.0000
2024-12-25T03:24:09.139697+03:00,105,0,0.0000,0.000000,0.000000,0.0000,0.0000,0.0000
2024-12-25T03:24:09.2481334+03:00,106,0,0.0000,0.000000,0.000000,0.0000,0.0000,0.0000
2024-12-25T03:24:09.3530113+03:00,106,0,0.0000,0.000000,0.000000,0.0000,0.0000,0.0000
2024-12-25T03:24:09.4575262+03:00,107,0,0.0000,0.000000,0.000000,0.0000,0.0000,0.0000
2024-12-25T03:24:09.5621394+03:00,107,0,0.0000,0.000000,0.000000,0.0000,0.0000,0.0000
2024-12-25T03:24:09.667072+03:00,108,0,0.0000,0.000000,0.000000,0.0000,0.0000,0.0000
2024-12-25T03:24:09.770876+03:00,108,0,0.0000,0.000000,0.000000,0.0000,0.0000,0.0000
2024-12-25T03:24:09.8757353+03:00,109,0,0.0000,0.000000,0.000000,0.0000,0.0000,0.0000
2024-12-25T03:24:09.9800196+03:00,109,0,0.0000,0.000000,0.000000,0.0000,0.0000,0.0000
2024-12-25T03:24:10.0826495+03:00,110,0,0.0000,0.000000,0.000000,0.0000,0.0000,0.0000
2024-12-25T03:24:10.186217+03:00,111,0,0.0000,0.000000,0.000000,0.0000,0.0000,0.0000
2024-12-25T03:24:10.2914308+03:00,111,0,0.0000,0.000000,0.000000,0.0000,0.0000,0.0000
2024-12-25T03:24:10.3964395+03:00,112,0,0.0000,0.000000,0.000000,0.0000,0.0000,0.0000
2024-12-25T03:24:10.5013022+03:00,112,0,0.0000,0.000000,0.000000,0.0000,0.0000,0.0000
2024-12-25T03:24:10.60506+03:00,113,0,0.0000,0.000000,0.000000,0.0000,0.0000,0.0000
2024-12-25T03:24:10.7087002+03:00,113,0,0.0000,0.000000,0.000000,0.0000,0.0000,0.0000
2024-12-25T03:24:10.8112666+03:00,114,0,0.0000,0.000000,0.000000,0.0000,0.0000,0.0000
2024-12-25T03:24:10.9144818+03:00,114,0,0.0000,0.000000,0.000000,0.0000,0.0000,0.0000
2024-12-25T03:24:11.0200512+03:00,115,0,0.0000,0.000000,0.000000,0.0000,0.0000,0.0000
2024-12-25T03:24:11.1247106+03:00,115,0,0.0000,0.000000,0.000000,0.0000,0.0000,0.0000
2024-12-25T03:24:11.2293187+03:00,116,0,0.0000,0.000000,0.000000,0.0000,0.0000,0.0000
2024-12-25T03:24:11.3342916+03:00,116,0,0.0000,0.000000,0.000000,0.0000,0.0000,0.0000
2024-12-25T03:24:11.4391855+03:00,117,0,0.0000,0.000000,0.000000,0.0000,0.0000,0.0000
2024-12-25T03:24:11.5454045+03:00,117,0,0.0000,0.000000,0.000000,0.0000,0.0000,0.0000
2024-12-25T03:24:11.6506769+03:00,118,0,0.0000,0.000000,0.000000,0.0000,0.0000,0.0000
2024-12-25T03:24:11.7557464+03:00,118,0,0.0000,0.000000,0.000000,0.0000,0.0000,0.0000
2024-12-25T03:24:11.8609095+03:00,119,0,0.0000,0.000000,0.000000,0.0000,0.0000,0.0000
2024-12-25T03:24:11.9653253+03:00,119,0,0.0000,0.000000,0.000000,0.0000,0.0000,0.0000
2024-12-25T03:24:12.0694111+03:00,120,0,0.0000,0.000000,0.000000,0.0000,0.0000,0.0000
2024-12-25T03:24:12.1731023+03:00,120,0,0.0000,0.000000,0.000000,0.0000,0.0000,0.0000
2024-12-25T03:24:12.2786949+03:00,121,0,0.0000,0.000000,0.000000,0.0000,0.0000,0.0000
2024-12-25T03:24:12.3828481+03:00,121,0,0.0000,0.000000,0.000000,0.0000,0.0000,0.0000
2024-12-25T03:24:12.4859204+03:00,122,0,0.0000,0.000000,0.000000,0.0000,0.0000,0.0000
2024-12-25T03:24:12.5888586+03:00,123,0,0.0000,0.000000,0.000000,0.0000,0.0000,0.0000
2024-12-25T03:24:12.6931246+03:00,123,0,0.0000,0.000000,0.000000,0.0000,0.0000,0.0000
2024-12-25T03:24:12.7985292+03:00,124,0,0.0000,0.000000,0.000000,0.0000,0.0000,0.0000
2024-12-25T03:24:12.9038204+03:00,124,0,0.0000,0.000000,0.000000,0.0000,0.0000,0.0000
2024-12-25T03:24:13.0086584+03:00,125,0,0.0000,0.000000,0.000000,0.0000,0.0000,0.0000
2024-12-25T03:24:13.1129657+03:00,125,0,0.0000,0.000000,0.000000,0.0000,0.0000,0.0000
2024-12-25T03:24:13.2174316+03:00,126,0,0.0000,0.000000,0.000000,0.0000,0.0000,0.0000
2024-12-25T03:24:13.3214013+03:00,126,0,0.0000,0.000000,0.000000,0.0000,0.0000,0.0000
2024-12-25T03:24:13.4254857+03:00,127,0,0.0000,0.000000,0.000000,0.0000,0.0000,0.0000
2024-12-25T03:24:13.5297643+03:00,127,0,0.0000,0.000000,0.000000,0.0000,0.0000,0.0000
2024-12-25T03:24:13.6341917+03:00,128,0,0.0000,0.000000,0.000000,0.0000,0.0000,0.0000
2024-12-25T03:24:13.7386506+03:00,128,0,0.0000,0.000000,0.000000,0.0000,0.0000,0.0000
2024-12-25T03:24:13.8426153+03:00,129,0,0.0000,0.000000,0.000000,0.0000,0.0000,0.0000
2024-12-25T03:24:13.9461019+03:00,129,0,0.0000,0.000000,0.000000,0.0000,0.0000,0.0000
2024-12-25T03:24:14.0499249+03:00,130,0,0.0000,0.000000,0.000000,0.0000,0.0000,0.0000
2024-12-25T03:24:14.1532289+03:00,130,0,0.0000,0.000000,0.000000,0.0000,0.0000,0.0000
2024-12-25T03:24:14.2563067+03:00,131,0,0.0000,0.000000,0.000000,0.0000,0.0000,0.0000
2024-12-25T03:24:14.3607877+03:00,131,0,0.0000,0.000000,0.000000,0.0000,0.0000,0.0000
2024-12-25T03:24:14.4706731+03:00,132,0,0.0000,0.000000,0.000000,0.0000,0.0000,0.0000
2024-12-25T03:24:14.5754488+03:00,132,0,0.0000,0.000000,0.000000,0.0000,0.0000,0.0000
2024-12-25T03:24:14.6805534+03:00,133,0,0.0000,0.000000,0.000000,0.0000,0.0000,0.0000
2024-12-25T03:24:14.7906668+03:00,133,0,0.0000,0.000000,0.000000,0.0000,0.0000,0.0000
2024-12-25T03:24:14.8943627+03:00,134,0,0.0000,0.000000,0.000000,0.0000,0.0000,0.0000
2024-12-25T03:24:14.9976522+03:00,135,0,0.0000,0.000000,0.000000,0.0000,0.0000,0.0000
2024-12-25T03:24:15.1020394+03:00,135,0,0.0000,0.000000,0.000000,0.0000,0.0000,0.0000
2024-12-25T03:24:15.2059359+03:00,136,0,0.0000,0.000000,0.000000,0.0000,0.0000,0.0000
2024-12-25T03:24:15.3102636+03:00,136,0,0.0000,0.000000,0.000000,0.0000,0.0000,0.0000
2024-12-25T03:24:15.4145016+03:00,137,0,0.0000,0.000000,0.000000,0.0000,0.0000,0.0000
2024-12-25T03:24:15.5178686+03:00,137,0,0.0000,0.000000,0.000000,0.0000,0.0000,0.0000
2024-12-25T03:24:15.623836+03:00,138,0,0.0000,0.000000,0.000000,0.0000,0.0000,0.0000
2024-12-25T03:24:15.7281123+03:00,138,0,0.0000,0.000000,0.000000,0.0000,0.0000,0.0000
2024-12-25T03:24:15.8309888+03:00,139,0,0.0000,0.000000,0.000000,0.0000,0.0000,0.0000
2024-12-25T03:24:15.9352252+03:00,139,0,0.0000,0.000000,0.000000,0.0000,0.0000,0.0000
2024-12-25T03:24:16.0392416+03:00,140,0,0.0000,0.000000,0.000000,0.0000,0.0000,0.0000
2024-12-25T03:24:16.1435955+03:00,140,0,0.0000,0.000000,0.000000,0.0000,0.0000,0.0000
2024-12-25T03:24:16.2489046+03:00,141,0,0.0000,0.000000,0.000000,0.0000,0.0000,0.0000
2024-12-25T03:24:16.3546472+03:00,141,0,0.0000,0.000000,0.000000,0.0000,0.0000,0.0000
2024-12-25T03:24:16.4599867+03:00,142,0,0.0000,0.000000,0.000000,0.0000,0.0000,0.0000
2024-12-25T03:24:16.5646983+03:00,142,0,0.0000,0.000000,0.000000,0.0000,0.0000,0.0000
2024-12-25T03:24:16.6693929+03:00,143,0,0.0000,0.000000,0.000000,0.0000,0.0000,0.0000
2024-12-25T03:24:16.7744628+03:00,143,0,0.0000,0.000000,0.000000,0.0000,0.0000,0.0000
2024-12-25T03:24:16.8779945+03:00,144,0,0.0000,0.000000,0.000000,0.0000,0.0000,0.0000
2024-12-25T03:24:16.9829331+03:00,144,0,0.0000,0.000000,0.000000,0.0000,0.0000,0.0000
2024-12-25T03:24:17.0868367+03:00,145,0,0.0000,0.000000,0.000000,0.0000,0.0000,0.0000
2024-12-25T03:24:17.191521+03:00,145,0,0.0000,0.000000,0.000000,0.0000,0.0000,0.0000
2024-12-25T03:24:17.2950068+03:00,146,0,0.0000,0.000000,0.000000,0.0000,0.0000,0.0000
2024-12-25T03:24:17.3990093+03:00,146,0,0.0000,0.000000,0.000000,0.0000,0.0000,0.0000
2024-12-25T03:24:17.5030468+03:00,147,0,0.0000,0.000000,0.000000,0.0000,0.0000,0.0000
2024-12-25T03:24:17.607069+03:00,148,0,0.0000,0.000000,0.000000,0.0000,0.0000,0.0000
2024-12-25T03:24:17.7112083+03:00,148,0,0.0000,0.000000,0.000000,0.0000,0.0000,0.0000
2024-12-25T03:24:17.8164496+03:00,149,0,0.0000,0.000000,0.000000,0.0000,0.0000,0.0000
2024-12-25T03:24:17.9201749+03:00,149,0,0.0000,0.000000,0.000000,0.0000,0.0000,0.0000
2024-12-25T03:24:18.0236258+03:00,150,0,0.0000,0.000000,0.000000,0.0000,0.0000,0.0000
2024-12-25T03:24:18.1284565+03:00,150,0,0.0000,0.000000,0.000000,0.0000,0.0000,0.0000
2024-12-25T03:24:18.2331198+03:00,150,0,0.0000,0.000000,0.000000,0.0000,0.0000,0.0000
2024-12-25T03:24:18.3374535+03:00,150,0,0.0000,0.000000,0.000000,0.0000,0.0000,0.0000
2024-12-25T03:24:18.4411343+03:00,150,0,0.0000,0.000000,0.000000,0.0000,0.0000,0.0000
2024-12-25T03:24:18.5447594+03:00,150,0,0.0000,0.000000,0.000000,0.0000,0.0000,0.0000
2024-12-25T03:24:18.6488422+03:00,150,0,0.0000,0.000000,0.000000,0.0000,0.0000,0.0000
2024-12-25T03:24:18.7523497+03:00,150,0,0.0000,0.000000,0.000000,0.0000,0.0000,0.0000
2024-12-25T03:24:18.8568121+03:00,150,0,0.0000,0.000000,0.000000,0.0000,0.0000,0.0000
2024-12-25T03:24:18.9605665+03:00,150,0,0.0000,0.000000,0.000000,0.0000,0.0000,0.0000
2024-12-25T03:24:19.0638907+03:00,150,0,0.0000,0.000000,0.000000,0.0000,0.0000,0.0000
2024-12-25T03:24:19.1684491+03:00,150,0,0.0000,0.000000,0.000000,0.0000,0.0000,0.0000
2024-12-25T03:24:19.273968+03:00,150,0,0.0000,0.000000,0.000000,0.0000,0.0000,0.0000
2024-12-25T03:24:19.3785457+03:00,150,0,0.0000,0.000000,0.000000,0.0000,0.0000,0.0000
2024-12-25T03:24:19.4812804+03:00,150,0,0.0000,0.000000,0.000000,0.0000,0.0000,0.0000
2024-12-25T03:24:19.5859092+03:00,150,0,0.0000,0.000000,0.000000,0.0000,0.0000,0.0000
2024-12-25T03:24:19.6882796+03:00,150,0,0.0000,0.000000,0.000000,0.0000,0.0000,0.0000
2024-12-25T03:24:19.7934039+03:00,150,0,0.0000,0.000000,0.000000,0.0000,0.0000,0.0000
2024-12-25T03:24:19.8969879+03:00,150,0,0.0000,0.000000,0.000000,0.0000,0.0000,0.0000
2024-12-25T03:24:20.00098+03:00,150,0,0.0000,0.000000,0.000000,0.0000,0.0000,0.0000
2024-12-25T03:24:20.1056923+03:00,150,0,0.0000,0.000000,0.000000,0.0000,0.0000,0.0000
2024-12-25T03:24:20.2102359+03:00,150,0,0.0000,0.000000,0.000000,0.0000,0.0000,0.0000
2024-12-25T03:24:20.3141037+03:00,150,0,0.0000,0.000000,0.000000,0.0000,0.0000,0.0000
2024-12-25T03:24:20.4191385+03:00,150,0,0.0000,0.000000,0.000000,0.0000,0.0000,0.0000
2024-12-25T03:24:20.5232734+03:00,150,0,0.0000,0.000000,0.000000,0.0000,0.0000,0.0000
2024-12-25T03:24:20.6269442+03:00,150,0,0.0000,0.000000,0.000000,0.0000,0.0000,0.0000
2024-12-25T03:24:20.7307025+03:00,150,0,0.0000,0.000000,0.000000,0.0000,0.0000,0.0000
2024-12-25T03:24:20.8342135+03:00,150,0,0.0000,0.000000,0.000000,0.0000,0.0000,0.0000
2024-12-25T03:24:20.9381604+03:00,150,0,0.0000,0.000000,0.000000,0.0000,0.0000,0.0000
2024-12-25T03:24:21.0419369+03:00,150,0,0.0000,0.000000,0.000000,0.0000,0.0000,0.0000
2024-12-25T03:24:21.1452669+03:00,150,0,0.0000,0.000000,0.000000,0.0000,0.0000,0.0000
2024-12-25T03:24:21.2502338+03:00,150,0,0.0000,0.000000,0.000000,0.0000,0.0000,0.0000
2024-12-25T03:24:21.3558209+03:00,150,0,0.0000,0.000000,0.000000,0.0000,0.0000,0.0000
2024-12-25T03:24:21.4607332+03:00,150,0,0.0000,0.000000,0.000000,0.0000,0.0000,0.0000
2024-12-25T03:24:21.5648068+03:00,150,0,0.0000,0.000000,0.000000,0.0000,0.0000,0.0000
2024-12-25T03:24:21.6734731+03:00,150,0,0.0000,0.000000,0.000000,0.0000,0.0000,0.0000
2024-12-25T03:24:21.7794915+03:00,150,0,0.0000,0.000000,0.000000,0.0000,0.0000,0.0000
2024-12-25T03:24:21.8834148+03:00,150,0,0.0000,0.000000,0.000000,0.0000,0.0000,0.0000
2024-12-25T03:24:21.9872652+03:00,150,0,0.0000,0.000000,0.000000,0.0000,0.0000,0.0000
2024-12-25T03:24:22.0908425+03:00,150,0,0.0000,0.000000,0.000000,0.0000,0.0000,0.0000
2024-12-25T03:24:22.1958063+03:00,150,0,0.0000,0.000000,0.000000,0.0000,0.0000,0.0000
2024-12-25T03:24:22.2997085+03:00,150,0,0.0000,0.000000,0.000000,0.0000,0.0000,0.0000
2024-12-25T03:24:22.4029449+03:00,150,0,0.0000,0.000000,0.000000,0.0000,0.0000,0.0000
2024-12-25T03:24:22.5076042+03:00,150,0,0.0000,0.000000,0.000000,0.0000,0.0000,0.0000
2024-12-25T03:24:22.6122091+03:00,150,0,0.0000,0.000000,0.000000,0.0000,0.0000,0.0000
2024-12-25T03:24:22.7167612+03:00,150,0,0.0000,0.000000,0.000000,0.0000,0.0000,0.0000
2024-12-25T03:24:22.820993+03:00,150,0,0.0000,0.000000,0.000000,0.0000,0.0000,0.0000
2024-12-25T03:24:22.9247604+03:00,150,0,0.0000,0.000000,0.000000,0.0000,0.0000,0.0000
2024-12-25T03:24:23.0296181+03:00,150,0,0.0000,0.000000,0.000000,0.0000,0.0000,0.0000
2024-12-25T03:24:23.133619+03:00,150,0,0.0000,0.000000,0.000000,0.0000,0.0000,0.0000
2024-12-25T03:24:23.2395236+03:00,150,0,0.0000,0.000000,0.000000,0.0000,0.0000,0.0000
2024-12-25T03:24:23.3445645+03:00,150,0,0.0000,0.000000,0.000000,0.0000,0.0000,0.0000
2024-12-25T03:24:23.4497795+03:00,150,0,0.0000,0.000000,0.000000,0.0000,0.0000,0.0000
2024-12-25T03:24:23.5526312+03:00,150,0,0.0000,0.000000,0.000000,0.0000,0.0000,0.0000
2024-12-25T03:24:23.6555378+03:00,150,0,0.0000,0.000000,0.000000,0.0000,0.0000,0.0000
2024-12-25T03:24:23.7593902+03:00,150,0,0.0000,0.000000,0.000000,0.0000,0.0000,0.0000
2024-12-25T03:24:23.8631364+03:00,150,0,0.0000,0.000000,0.000000,0.0000,0.0000,0.0000
2024-12-25T03:24:23.9683287+03:00,150,0,0.0000,0.000000,0.000000,0.0000,0.0000,0.0000
2024-12-25T03:24:24.0725898+03:00,150,0,0.0000,0.000000,0.000000,0.0000,0.0000,0.0000
2024-12-25T03:24:24.1758418+03:00,150,0,0.0000,0.000000,0.000000,0.0000,0.0000,0.0000
2024-12-25T03:24:24.28177+03:00,150,0,0.0000,0.000000,0.000000,0.0000,0.0000,0.0000
2024-12-25T03:24:24.3857993+03:00,150,0,0.0000,0.000000,0.000000,0.0000,0.0000,0.0000
2024-12-25T03:24:24.4910502+03:00,150,0,0.0000,0.000000,0.000000,0.0000,0.0000,0.0000
2024-12-25T03:24:24.5952041+03:00,150,0,0.0000,0.000000,0.000000,0.0000,0.0000,0.0000
2024-12-25T03:24:24.6995313+03:00,150,0,0.0000,0.000000,0.000000,0.0000,0.0000,0.0000
2024-12-25T03:24:24.8032722+03:00,150,0,0.0000,0.000000,0.000000,0.0000,0.0000,0.0000
2024-12-25T03:24:24.907434+03:00,150,0,0.0000,0.000000,0.000000,0.0000,0.0000,0.0000
2024-12-25T03:24:25.0112297+03:00,150,0,0.0000,0.000000,0.000000,0.0000,0.0000,0.0000
2024-12-25T03:24:25.1150534+03:00,150,0,0.0000,0.000000,0.000000,0.0000,0.0000,0.0000
2024-12-25T03:24:25.2193611+03:00,150,0,0.0000,0.000000,0.000000,0.0000,0.0000,0.0000
2024-12-25T03:24:25.3241168+03:00,150,0,0.0000,0.000000,0.000000,0.0000,0.0000,0.0000
2024-12-25T03:24:25.4274694+03:00,150,0,0.0000,0.000000,0.000000,0.0000,0.0000,0.0000
2024-12-25T03:24:25.5321809+03:00,150,0,0.0000,0.000000,0.000000,0.0000,0.0000,0.0000
2024-12-25T03:24:25.6362809+03:00,150,0,0.0000,0.000000,0.000000,0.0000,0.0000,0.0000
2024-12-25T03:24:25.7405498+03:00,150,0,0.0000,0.000000,0.000000,0.0000,0.0000,0.0000
2024-12-25T03:24:25.845009+03:00,150,0,0.0000,0.000000,0.000000,0.0000,0.0000,0.0000
2024-12-25T03:24:25.9481017+03:00,150,0,0.0000,0.000000,0.000000,0.0000,0.0000,0.0000
2024-12-25T03:24:26.0522542+03:00,150,0,0.0000,0.000000,0.000000,0.0000,0.0000,0.0000
2024-12-25T03:24:26.1563815+03:00,150,0,0.0000,0.000000,0.000000,0.0000,0.0000,0.0000
2024-12-25T03:24:26.2615747+03:00,150,0,0.0000,0.000000,0.000000,0.0000,0.0000,0.0000
2024-12-25T03:24:26.3667488+03:00,150,0,0.0000,0.000000,0.000000,0.0000,0.0000,0.0000
2024-12-25T03:24:26.4706547+03:00,150,0,0.0000,0.000000,0.000000,0.0000,0.0000,0.0000
2024-12-25T03:24:26.5749449+03:00,150,0,0.0000,0.000000,0.000000,0.0000,0.0000,0.0000
2024-12-25T03:24:26.6778313+03:00,150,0,0.0000,0.000000,0.000000,0.0000,0.0000,0.0000
2024-12-25T03:24:26.7820871+03:00,150,0,0.0000,0.000000,0.000000,0.0000,0.0000,0.0000
2024-12-25T03:24:26.8861432+03:00,150,0,0.0000,0.000000,0.000000,0.0000,0.0000,0.0000
2024-12-25T03:24:26.9906273+03:00,150,0,0.0000,0.000000,0.000000,0.0000,0.0000,0.0000
2024-12-25T03:24:27.0951008+03:00,150,0,0.0000,0.000000,0.000000,0.0000,0.0000,0.0000
2024-12-25T03:24:27.1989919+03:00,150,0,0.0000,0.000000,0.000000,0.0000,0.0000,0.0000
2024-12-25T03:24:27.3099257+03:00,150,0,0.0000,0.000000,0.000000,0.0000,0.0000,0.0000
2024-12-25T03:24:27.4132509+03:00,150,0,0.0000,0.000000,0.000000,0.0000,0.0000,0.0000
2024-12-25T03:24:27.5185279+03:00,150,0,0.0000,0.000000,0.000000,0.0000,0.0000,0.0000
2024-12-25T03:24:27.623701+03:00,150,0,0.0000,0.000000,0.000000,0.0000,0.0000,0.0000
2024-12-25T03:24:27.72923+03:00,150,0,0.0000,0.000000,0.000000,0.0000,0.0000,0.0000
2024-12-25T03:24:27.8350362+03:00,150,0,0.0000,0.000000,0.000000,0.0000,0.0000,0.0000
2024-12-25T03:24:27.9402035+03:00,150,0,0.0000,0.000000,0.000000,0.0000,0.0000,0.0000
2024-12-25T03:24:28.0459767+03:00,150,0,0.0000,0.000000,0.000000,0.0000,0.0000,0.0000
2024-12-25T03:24:28.1512256+03:00,150,0,0.0000,0.000000,0.000000,0.0000,0.0000,0.0000
2024-12-25T03:24:28.2567037+03:00,150,0,0.0000,0.000000,0.000000,0.0000,0.0000,0.0000
2024-12-25T03:24:28.3620918+03:00,150,0,0.0000,0.000000,0.000000,0.0000,0.0000,0.0000
2024-12-25T03:24:28.4670072+03:00,150,0,0.0000,0.000000,0.000000,0.0000,0.0000,0.0000
2024-12-25T03:24:28.5709493+03:00,150,0,0.0000,0.000000,0.000000,0.0000,0.0000,0.0000
2024-12-25T03:24:28.675687+03:00,150,0,0.0000,0.000000,0.000000,0.0000,0.0000,0.0000
2024-12-25T03:24:28.78115+03:00,150,0,0.0000,0.000000,0.000000,0.0000,0.0000,0.0000
2024-12-25T03:24:28.8869136+03:00,150,0,0.0000,0.000000,0.000000,0.0000,0.0000,0.0000
2024-12-25T03:24:28.9916233+03:00,150,0,0.0000,0.000000,0.000000,0.0000,0.0000,0.0000
2024-12-25T03:24:29.0966635+03:00,150,0,0.0000,0.000000,0.000000,0.0000,0.0000,0.0000
2024-12-25T03:24:29.2023626+03:00,150,0,0.0000,0.000000,0.000000,0.0000,0.0000,0.0000
2024-12-25T03:24:29.3088199+03:00,150,0,0.0000,0.000000,0.000000,0.0000,0.0000,0.0000
2024-12-25T03:24:29.414138+03:00,150,0,0.0000,0.000000,0.000000,0.0000,0.0000,0.0000
2024-12-25T03:24:29.5186307+03:00,150,0,0.0000,0.000000,0.000000,0.0000,0.0000,0.0000
2024-12-25T03:24:29.6241002+03:00,150,0,0.0000,0.000000,0.000000,0.0000,0.0000,0.0000
2024-12-25T03:24:29.7272763+03:00,150,0,0.0000,0.000000,0.000000,0.0000,0.0000,0.0000
2024-12-25T03:24:29.8300022+03:00,150,0,0.0000,0.000000,0.000000,0.0000,0.0000,0.0000
2024-12-25T03:24:29.9334473+03:00,150,0,0.0000,0.000000,0.000000,0.0000,0.0000,0.0000
2024-12-25T03:24:30.0373261+03:00,150,0,0.0000,0.000000,0.000000,0.0000,0.0000,0.0000
2024-12-25T03:24:30.1413516+03:00,150,0,0.0000,0.000000,0.000000,0.0000,0.0000,0.0000
2024-12-25T03:24:30.2449415+03:00,150,0,0.0000,0.000000,0.000000,0.0000,0.0000,0.0000
2024-12-25T03:24:30.3484851+03:00,150,0,0.0000,0.000000,0.000000,0.0000,0.0000,0.0000
2024-12-25T03:24:30.4586673+03:00,150,0,0.0000,0.000000,0.000000,0.0000,0.0000,0.0000
2024-12-25T03:24:30.5621647+03:00,150,0,0.0000,0.000000,0.000000,0.0000,0.0000,0.0000
2024-12-25T03:24:30.6667791+03:00,150,0,0.0000,0.000000,0.000000,0.0000,0.0000,0.0000
2024-12-25T03:24:30.770888+03:00,150,0,0.0000,0.000000,0.000000,0.0000,0.0000,0.0000
2024-12-25T03:24:30.8747986+03:00,150,0,0.0000,0.000000,0.000000,0.0000,0.0000,0.0000
2024-12-25T03:24:30.9783745+03:00,150,0,0.0000,0.000000,0.000000,0.0000,0.0000,0.0000
2024-12-25T03:24:31.0837174+03:00,150,0,0.0000,0.000000,0.000000,0.0000,0.0000,0.0000
2024-12-25T03:24:31.1879297+03:00,150,0,0.0000,0.000000,0.000000,0.0000,0.0000,0.0000
2024-12-25T03:24:31.2936198+03:00,150,0,0.0000,0.000000,0.000000,0.0000,0.0000,0.0000
2024-12-25T03:24:31.3983279+03:00,150,0,0.0000,0.000000,0.000000,0.0000,0.0000,0.0000
2024-12-25T03:24:31.5018592+03:00,150,0,0.0000,0.000000,0.000000,0.0000,0.0000,0.0000
2024-12-25T03:24:31.6083827+03:00,150,0,0.0000,0.000000,0.000000,0.0000,0.0000,0.0000
2024-12-25T03:24:31.7134295+03:00,150,0,0.0000,0.000000,0.000000,0.0000,0.0000,0.0000
2024-12-25T03:24:31.8178225+03:00,150,0,0.0000,0.000000,0.000000,0.0000,0.0000,0.0000
2024-12-25T03:24:31.922817+03:00,150,0,0.0000,0.000000,0.000000,0.0000,0.0000,0.0000
2024-12-25T03:24:32.0271279+03:00,150,0,0.0000,0.000000,0.000000,0.0000,0.0000,0.0000
2024-12-25T03:24:32.1324347+03:00,150,0,0.0000,0.000000,0.000000,0.0000,0.0000,0.0000
2024-12-25T03:24:32.2378734+03:00,150,0,0.0000,0.000000,0.000000,0.0000,0.0000,0.0000
2024-12-25T03:24:32.343586+03:00,150,0,0.0000,0.000000,0.000000,0.0000,0.0000,0.0000
2024-12-25T03:24:32.4486458+03:00,150,0,0.0000,0.000000,0.000000,0.0000,0.0000,0.0000
2024-12-25T03:24:32.5538016+03:00,150,0,0.0000,0.000000,0.000000,0.0000,0.0000,0.0000
2024-12-25T03:24:32.659316+03:00,150,0,0.0000,0.000000,0.000000,0.0000,0.0000,0.0000
2024-12-25T03:24:32.7649046+03:00,150,0,0.0000,0.000000,0.000000,0.0000,0.0000,0.0000
2024-12-25T03:24:32.8697441+03:00,150,0,0.0000,0.000000,0.000000,0.0000,0.0000,0.0000
2024-12-25T03:24:32.9740619+03:00,150,0,0.0000,0.000000,0.000000,0.0000,0.0000,0.0000
2024-12-25T03:24:33.078783+03:00,150,0,0.0000,0.000000,0.000000,0.0000,0.0000,0.0000
2024-12-25T03:24:33.1845282+03:00,150,0,0.0000,0.000000,0.000000,0.0000,0.0000,0.0000
2024-12-25T03:24:33.2913748+03:00,150,0,0.0000,0.000000,0.000000,0.0000,0.0000,0.0000
2024-12-25T03:24:33.3947377+03:00,150,0,0.0000,0.000000,0.000000,0.0000,0.0000,0.0000
2024-12-25T03:24:33.5005338+03:00,150,0,0.0000,0.000000,0.000000,0.0000,0.0000,0.0000
2024-12-25T03:24:33.6048916+03:00,150,0,0.0000,0.000000,0.000000,0.0000,0.0000,0.0000
2024-12-25T03:24:33.7101153+03:00,150,0,0.0000,0.000000,0.000000,0.0000,0.0000,0.0000
2024-12-25T03:24:33.8146825+03:00,150,0,0.0000,0.000000,0.000000,0.0000,0.0000,0.0000
2024-12-25T03:24:33.9186174+03:00,150,0,0.0000,0.000000,0.000000,0.0000,0.0000,0.0000
2024-12-25T03:24:34.0214454+03:00,150,0,0.0000,0.000000,0.000000,0.0000,0.0000,0.0000
2024-12-25T03:24:34.1256227+03:00,150,0,0.0000,0.000000,0.000000,0.0000,0.0000,0.0000
2024-12-25T03:24:34.2290331+03:00,150,0,0.0000,0.000000,0.000000,0.0000,0.0000,0.0000
2024-12-25T03:24:34.3338237+03:00,150,0,0.0000,0.000000,0.000000,0.0000,0.0000,0.0000
2024-12-25T03:24:34.4381932+03:00,150,0,0.0000,0.000000,0.000000,0.0000,0.0000,0.0000
2024-12-25T03:24:34.5421728+03:00,150,0,0.0000,0.000000,0.000000,0.0000,0.0000,0.0000
2024-12-25T03:24:34.6462449+03:00,150,0,0.0000,0.000000,0.000000,0.0000,0.0000,0.0000
2024-12-25T03:24:34.750873+03:00,150,0,0.0000,0.000000,0.000000,0.0000,0.0000,0.0000
2024-12-25T03:24:34.8553255+03:00,150,0,0.0000,0.000000,0.000000,0.0000,0.0000,0.0000
2024-12-25T03:24:34.9594887+03:00,150,0,0.0000,0.000000,0.000000,0.0000,0.0000,0.0000
2024-12-25T03:24:35.0631673+03:00,150,0,0.0000,0.000000,0.000000,0.0000,0.0000,0.0000
2024-12-25T03:24:35.1699356+03:00,150,0,0.0000,0.000000,0.000000,0.0000,0.0000,0.0000
2024-12-25T03:24:35.273598+03:00,150,0,0.0000,0.000000,0.000000,0.0000,0.0000,0.0000
2024-12-25T03:24:35.3784716+03:00,150,0,0.0000,0.000000,0.000000,0.0000,0.0000,0.0000
2024-12-25T03:24:35.4831697+03:00,150,0,0.0000,0.000000,0.000000,0.0000,0.0000,0.0000
2024-12-25T03:24:35.5873737+03:00,150,0,0.0000,0.000000,0.000000,0.0000,0.0000,0.0000
2024-12-25T03:24:35.6919764+03:00,150,0,0.0000,0.000000,0.000000,0.0000,0.0000,0.0000
2024-12-25T03:24:35.7961341+03:00,150,0,0.0000,0.000000,0.000000,0.0000,0.0000,0.0000
2024-12-25T03:24:35.9004222+03:00,150,0,0.0000,0.000000,0.000000,0.0000,0.0000,0.0000
2024-12-25T03:24:36.0046078+03:00,150,0,0.0000,0.000000,0.000000,0.0000,0.0000,0.0000
2024-12-25T03:24:36.108856+03:00,150,0,0.0000,0.000000,0.000000,0.0000,0.0000,0.0000
2024-12-25T03:24:36.2133804+03:00,150,0,0.0000,0.000000,0.000000,0.0000,0.0000,0.0000
2024-12-25T03:24:36.3166135+03:00,150,0,0.0000,0.000000,0.000000,0.0000,0.0000,0.0000
2024-12-25T03:24:36.4203141+03:00,150,0,0.0000,0.000000,0.000000,0.0000,0.0000,0.0000
2024-12-25T03:24:36.5246522+03:00,150,0,0.0000,0.000000,0.000000,0.0000,0.0000,0.0000
2024-12-25T03:24:36.6280878+03:00,150,0,0.0000,0.000000,0.000000,0.0000,0.0000,0.0000
2024-12-25T03:24:36.7325176+03:00,150,0,0.0000,0.000000,0.000000,0.0000,0.0000,0.0000
2024-12-25T03:24:36.8378924+03:00,150,0,0.0000,0.000000,0.000000,0.0000,0.0000,0.0000
2024-12-25T03:24:36.9425275+03:00,150,0,0.0000,0.000000,0.000000,0.0000,0.0000,0.0000
2024-12-25T03:24:37.0475091+03:00,150,0,0.0000,0.000000,0.000000,0.0000,0.0000,0.0000
2024-12-25T03:24:37.1528798+03:00,150,0,0.0000,0.000000,0.000000,0.0000,0.0000,0.0000
2024-12-25T03:24:37.2574221+03:00,150,0,0.0000,0.000000,0.000000,0.0000,0.0000,0.0000
2024-12-25T03:24:37.3627847+03:00,150,0,0.0000,0.000000,0.000000,0.0000,0.0000,0.0000
2024-12-25T03:24:37.466807+03:00,150,0,0.0000,0.000000,0.000000,0.0000,0.0000,0.0000
2024-12-25T03:24:37.5725709+03:00,150,0,0.0000,0.000000,0.000000,0.0000,0.0000,0.0000
2024-12-25T03:24:37.6760555+03:00,150,0,0.0000,0.000000,0.000000,0.0000,0.0000,0.0000
2024-12-25T03:24:37.7810916+03:00,150,0,0.0000,0.000000,0.000000,0.0000,0.0000,0.0000
2024-12-25T03:24:37.8856903+03:00,150,0,0.0000,0.000000,0.000000,0.0000,0.0000,0.0000
2024-12-25T03:24:37.9905494+03:00,150,0,0.0000,0.000000,0.000000,0.0000,0.0000,0.0000
2024-12-25T03:24:38.0951649+03:00,150,0,0.0000,0.000000,0.000000,0.0000,0.0000,0.0000
2024-12-25T03:24:38.2046678+03:00,150,0,0.0000,0.000000,0.000000,0.0000,0.0000,0.0000
2024-12-25T03:24:38.3078539+03:00,150,0,0.0000,0.000000,0.000000,0.0000,0.0000,0.0000
2024-12-25T03:24:38.4120007+03:00,150,0,0.0000,0.000000,0.000000,0.0000,0.0000,0.0000
2024-12-25T03:24:38.5164836+03:00,150,0,0.0000,0.000000,0.000000,0.0000,0.0000,0.0000
2024-12-25T03:24:38.6200644+03:00,150,0,0.0000,0.000000,0.000000,0.0000,0.0000,0.0000
2024-12-25T03:24:38.7244165+03:00,150,0,0.0000,0.000000,0.000000,0.0000,0.0000,0.0000
2024-12-25T03:24:38.8280006+03:00,150,0,0.0000,0.000000,0.000000,0.0000,0.0000,0.0000
2024-12-25T03:24:38.9325369+03:00,150,0,0.0000,0.000000,0.000000,0.0000,0.0000,0.0000
2024-12-25T03:24:39.0378694+03:00,150,0,0.0000,0.000000,0.000000,0.0000,0.0000,0.0000
2024-12-25T03:24:39.1421085+03:00,150,0,0.0000,0.000000,0.000000,0.0000,0.0000,0.0000
2024-12-25T03:24:39.2469559+03:00,150,0,0.0000,0.000000,0.000000,0.0000,0.0000,0.0000
2024-12-25T03:24:39.3507556+03:00,150,0,0.0000,0.000000,0.000000,0.0000,0.0000,0.0000
2024-12-25T03:24:39.4559503+03:00,150,0,0.0000,0.000000,0.000000,0.0000,0.0000,0.0000
2024-12-25T03:24:39.5604029+03:00,150,0,0.0000,0.000000,0.000000,0.0000,0.0000,0.0000
2024-12-25T03:24:39.6640718+03:00,150,0,0.0000,0.000000,0.000000,0.0000,0.0000,0.0000
2024-12-25T03:24:39.7673733+03:00,150,0,0.0000,0.000000,0.000000,0.0000,0.0000,0.0000
2024-12-25T03:24:39.8711745+03:00,150,0,0.0000,0.000000,0.000000,0.0000,0.0000,0.0000
2024-12-25T03:24:39.9758273+03:00,150,0,0.0000,0.000000,0.000000,0.0000,0.0000,0.0000
2024-12-25T03:24:40.0796234+03:00,150,0,0.0000,0.000000,0.000000,0.0000,0.0000,0.0000
2024-12-25T03:24:40.1830258+03:00,150,0,0.0000,0.000000,0.000000,0.0000,0.0000,0.0000
2024-12-25T03:24:40.2880491+03:00,150,0,0.0000,0.000000,0.000000,0.0000,0.0000,0.0000
2024-12-25T03:24:40.3918769+03:00,150,0,0.0000,0.000000,0.000000,0.0000,0.0000,0.0000
2024-12-25T03:24:40.4963956+03:00,150,0,0.0000,0.000000,0.000000,0.0000,0.0000,0.0000
2024-12-25T03:24:40.6005865+03:00,150,0,0.0000,0.000000,0.000000,0.0000,0.0000,0.0000
2024-12-25T03:24:40.7052152+03:00,150,0,0.0000,0.000000,0.000000,0.0000,0.0000,0.0000
2024-12-25T03:24:40.8089259+03:00,150,0,0.0000,0.000000,0.000000,0.0000,0.0000,0.0000
2024-12-25T03:24:40.9144388+03:00,150,0,0.0000,0.000000,0.000000,0.0000,0.0000,0.0000
2024-12-25T03:24:41.0153799+03:00,150,0,0.0000,0.000000,0.000000,0.0000,0.0000,0.0000
2024-12-25T03:24:41.1200902+03:00,150,0,0.0000,0.000000,0.000000,0.0000,0.0000,0.0000
2024-12-25T03:24:41.2249769+03:00,150,0,0.0000,0.000000,0.000000,0.0000,0.0000,0.0000
2024-12-25T03:24:41.3300892+03:00,150,0,0.0000,0.000000,0.000000,0.0000,0.0000,0.0000
2024-12-25T03:24:41.4337124+03:00,150,0,0.0000,0.000000,0.000000,0.0000,0.0000,0.0000
2024-12-25T03:24:41.5380532+03:00,150,0,0.0000,0.000000,0.000000,0.0000,0.0000,0.0000
2024-12-25T03:24:41.642338+03:00,150,0,0.0000,0.000000,0.000000,0.0000,0.0000,0.0000
2024-12-25T03:24:41.7453871+03:00,150,0,0.0000,0.000000,0.000000,0.0000,0.0000,0.0000
2024-12-25T03:24:41.8502968+03:00,150,0,0.0000,0.000000,0.000000,0.0000,0.0000,0.0000
2024-12-25T03:24:41.9552032+03:00,150,0,0.0000,0.000000,0.000000,0.0000,0.0000,0.0000
2024-12-25T03:24:42.059195+03:00,150,0,0.0000,0.000000,0.000000,0.0000,0.0000,0.0000
2024-12-25T03:24:42.1637944+03:00,150,0,0.0000,0.000000,0.000000,0.0000,0.0000,0.0000
2024-12-25T03:24:42.2720888+03:00,150,0,0.0000,0.000000,0.000000,0.0000,0.0000,0.0000
2024-12-25T03:24:42.37581+03:00,150,0,0.0000,0.000000,0.000000,0.0000,0.0000,0.0000
2024-12-25T03:24:42.4799942+03:00,150,0,0.0000,0.000000,0.000000,0.0000,0.0000,0.0000
2024-12-25T03:24:42.5828421+03:00,150,0,0.0000,0.000000,0.000000,0.0000,0.0000,0.0000
2024-12-25T03:24:42.6867028+03:00,150,0,0.0000,0.000000,0.000000,0.0000,0.0000,0.0000
2024-12-25T03:24:42.7908973+03:00,150,0,0.0000,0.000000,0.000000,0.0000,0.0000,0.0000
2024-12-25T03:24:42.8943506+03:00,150,0,0.0000,0.000000,0.000000,0.0000,0.0000,0.0000
2024-12-25T03:24:43.0001418+03:00,150,0,0.0000,0.000000,0.000000,0.0000,0.0000,0.0000
2024-12-25T03:24:43.1047318+03:00,150,0,0.0000,0.000000,0.000000,0.0000,0.0000,0.0000
2024-12-25T03:24:43.2089828+03:00,150,0,0.0000,0.000000,0.000000,0.0000,0.0000,0.0000
2024-12-25T03:24:43.313101+03:00,150,0,0.0000,0.000000,0.000000,0.0000,0.0000,0.0000
2024-12-25T03:24:43.4173088+03:00,150,0,0.0000,0.000000,0.000000,0.0000,0.0000,0.0000
2024-12-25T03:24:43.5216245+03:00,150,0,0.0000,0.000000,0.000000,0.0000,0.0000,0.0000
2024-12-25T03:24:43.6253186+03:00,150,0,0.0000,0.000000,0.000000,0.0000,0.0000,0.0000
2024-12-25T03:24:43.7301491+03:00,150,0,0.0000,0.000000,0.000000,0.0000,0.0000,0.0000
2024-12-25T03:24:43.8339702+03:00,150,0,0.0000,0.000000,0.000000,0.0000,0.0000,0.0000
2024-12-25T03:24:43.9376019+03:00,150,0,0.0000,0.000000,0.000000,0.0000,0.0000,0.0000
2024-12-25T03:24:44.0389894+03:00,150,0,0.0000,0.000000,0.000000,0.0000,0.0000,0.0000
2024-12-25T03:24:44.1423719+03:00,150,0,0.0000,0.000000,0.000000,0.0000,0.0000,0.0000
2024-12-25T03:24:44.2472972+03:00,150,0,0.0000,0.000000,0.000000,0.0000,0.0000,0.0000
2024-12-25T03:24:44.3514675+03:00,150,0,0.0000,0.000000,0.000000,0.0000,0.0000,0.0000
2024-12-25T03:24:44.4553949+03:00,150,0,0.0000,0.000000,0.000000,0.0000,0.0000,0.0000
2024-12-25T03:24:44.5641435+03:00,150,0,0.0000,0.000000,0.000000,0.0000,0.0000,0.0000
2024-12-25T03:24:44.6692581+03:00,150,0,0.0000,0.000000,0.000000,0.0000,0.0000,0.0000
2024-12-25T03:24:44.7750087+03:00,150,0,0.0000,0.000000,0.000000,0.0000,0.0000,0.0000
2024-12-25T03:24:44.8794201+03:00,150,0,0.0000,0.000000,0.000000,0.0000,0.0000,0.0000
2024-12-25T03:24:44.9835787+03:00,150,0,0.0000,0.000000,0.000000,0.0000,0.0000,0.0000
2024-12-25T03:24:45.0886718+03:00,150,0,0.0000,0.000000,0.000000,0.0000,0.0000,0.0000
2024-12-25T03:24:45.1934721+03:00,150,0,0.0000,0.000000,0.000000,0.0000,0.0000,0.0000
2024-12-25T03:24:45.2982992+03:00,150,0,0.0000,0.000000,0.000000,0.0000,0.0000,0.0000
2024-12-25T03:24:45.4028314+03:00,150,0,0.0000,0.000000,0.000000,0.0000,0.0000,0.0000
2024-12-25T03:24:45.506841+03:00,150,0,0.0000,0.000000,0.000000,0.0000,0.0000,0.0000
2024-12-25T03:24:45.6102624+03:00,150,0,0.0000,0.000000,0.000000,0.0000,0.0000,0.0000
2024-12-25T03:24:45.7159539+03:00,150,0,0.0000,0.000000,0.000000,0.0000,0.0000,0.0000
2024-12-25T03:24:45.8201421+03:00,150,0,0.0000,0.000000,0.000000,0.0000,0.0000,0.0000
2024-12-25T03:24:45.9241409+03:00,150,0,0.0000,0.000000,0.000000,0.0000,0.0000,0.0000
2024-12-25T03:24:46.027687+03:00,150,0,0.0000,0.000000,0.000000,0.0000,0.0000,0.0000
2024-12-25T03:24:46.1319244+03:00,150,0,0.0000,0.000000,0.000000,0.0000,0.0000,0.0000
2024-12-25T03:24:46.2349836+03:00,150,0,0.0000,0.000000,0.000000,0.0000,0.0000,0.0000
2024-12-25T03:24:46.3409121+03:00,150,0,0.0000,0.000000,0.000000,0.0000,0.0000,0.0000
2024-12-25T03:24:46.4462172+03:00,150,0,0.0000,0.000000,0.000000,0.0000,0.0000,0.0000
2024-12-25T03:24:46.5514703+03:00,150,0,0.0000,0.000000,0.000000,0.0000,0.0000,0.0000
2024-12-25T03:24:46.6569001+03:00,150,0,0.0000,0.000000,0.000000,0.0000,0.0000,0.0000
2024-12-25T03:24:46.7627435+03:00,150,0,0.0000,0.000000,0.000000,0.0000,0.0000,0.0000
2024-12-25T03:24:46.8670454+03:00,150,0,0.0000,0.000000,0.000000,0.0000,0.0000,0.0000
2024-12-25T03:24:46.9718756+03:00,150,0,0.0000,0.000000,0.000000,0.0000,0.0000,0.0000
2024-12-25T03:24:47.0767263+03:00,150,0,0.0000,0.000000,0.000000,0.0000,0.0000,0.0000
2024-12-25T03:24:47.1816437+03:00,150,0,0.0000,0.000000,0.000000,0.0000,0.0000,0.0000
2024-12-25T03:24:47.2854645+03:00,150,0,0.0000,0.000000,0.000000,0.0000,0.0000,0.0000
2024-12-25T03:24:47.3900769+03:00,150,0,0.0000,0.000000,0.000000,0.0000,0.0000,0.0000
2024-12-25T03:24:47.496954+03:00,150,0,0.0000,0.000000,0.000000,0.0000,0.0000,0.0000
2024-12-25T03:24:47.6010588+03:00,150,0,0.0000,0.000000,0.000000,0.0000,0.0000,0.0000
2024-12-25T03:24:47.7094045+03:00,150,0,0.0000,0.000000,0.000000,0.0000,0.0000,0.0000
2024-12-25T03:24:47.8145714+03:00,150,0,0.0000,0.000000,0.000000,0.0000,0.0000,0.0000
2024-12-25T03:24:47.9204939+03:00,150,0,0.0000,0.000000,0.000000,0.0000,0.0000,0.0000
2024-12-25T03:24:48.0241405+03:00,150,0,0.0000,0.000000,0.000000,0.0000,0.0000,0.0000
2024-12-25T03:24:48.1281776+03:00,150,0,0.0000,0.000000,0.000000,0.0000,0.0000,0.0000
