Timestamp,TotalRequests,RejectedRequests,ProbabilityOfRejection,AverageBufferTime,AverageProcessingTime,Specialist1Load,Specialist2Load,Specialist3Load,Specialist4Load,Specialist5Load,Specialist6Load,Specialist7Load,Specialist8Load,Specialist9Load,Specialist10Load
2024-12-19T11:53:07.9915812+03:00,11,0,0.0000,0.000000,0.000000,0.0000,0.0000,0.0000,0.0000,0.0000,0.0000,0.0000,0.0000,0.0000,0.0000
2024-12-19T11:53:08.1343447+03:00,18,0,0.0000,0.000000,0.000000,0.0000,0.0000,0.0000,0.0000,0.0000,0.0000,0.0000,0.0000,0.0000,0.0000
2024-12-19T11:53:08.2344831+03:00,26,0,0.0000,0.000000,0.000000,0.0000,0.0000,0.0000,0.0000,0.0000,0.0000,0.0000,0.0000,0.0000,0.0000
2024-12-19T11:53:08.3348039+03:00,33,0,0.0000,3.083730,4.430606,0.0000,0.0000,0.3030,0.0000,0.0000,0.0000,0.0000,0.0000,0.0000,0.0000
2024-12-19T11:53:08.4352392+03:00,40,0,0.0000,6.220917,3.943516,0.2500,0.0000,0.2500,0.0000,0.0000,0.0000,0.0000,0.0000,0.0000,0.0000
2024-12-19T11:53:08.5360858+03:00,47,0,0.0000,8.751647,5.227240,0.2128,0.0000,0.2128,0.0000,0.0000,0.0000,0.0000,0.0000,0.0000,0.2128
2024-12-19T11:53:08.6360863+03:00,53,0,0.0000,12.460151,11.687399,0.1887,0.0000,0.1887,0.0000,0.0000,0.0000,0.0000,0.1887,0.0000,0.1887
2024-12-19T11:53:08.7371402+03:00,59,0,0.0000,11.193017,10.498850,0.1695,0.0000,0.1695,0.0000,0.0000,0.0000,0.0000,0.1695,0.0000,0.1695
2024-12-19T11:53:08.8375532+03:00,66,0,0.0000,16.012106,10.193900,0.1515,0.1515,0.1515,0.0000,0.0000,0.0000,0.0000,0.1515,0.0000,0.1515
2024-12-19T11:53:08.9386323+03:00,72,0,0.0000,14.677764,9.344408,0.1389,0.1389,0.1389,0.0000,0.0000,0.0000,0.0000,0.1389,0.0000,0.1389
2024-12-19T11:53:09.039045+03:00,78,0,0.0000,13.548705,8.625608,0.1282,0.1282,0.1282,0.0000,0.0000,0.0000,0.0000,0.1282,0.0000,0.1282
2024-12-19T11:53:09.1395764+03:00,83,0,0.0000,12.732518,8.105993,0.1205,0.1205,0.1205,0.0000,0.0000,0.0000,0.0000,0.1205,0.0000,0.1205
2024-12-19T11:53:09.2402241+03:00,90,0,0.0000,19.212811,9.047565,0.1111,0.1111,0.1111,0.0000,0.0000,0.0000,0.0000,0.1111,0.1111,0.1111
2024-12-19T11:53:09.3405719+03:00,95,1,0.0105,18.395245,8.662563,0.1064,0.1064,0.1064,0.0000,0.0000,0.0000,0.0000,0.1064,0.1064,0.1064
2024-12-19T11:53:09.4411783+03:00,101,3,0.0297,17.644418,8.308989,0.1020,0.1020,0.1020,0.0000,0.0000,0.0000,0.0000,0.1020,0.1020,0.1020
2024-12-19T11:53:09.541472+03:00,108,4,0.0370,16.626471,7.829624,0.0962,0.0962,0.0962,0.0000,0.0000,0.0000,0.0000,0.0962,0.0962,0.0962
2024-12-19T11:53:09.6423319+03:00,113,6,0.0531,25.470336,11.089039,0.0935,0.0935,0.0935,0.0935,0.0000,0.0000,0.0000,0.0935,0.0935,0.0935
2024-12-19T11:53:09.7426043+03:00,118,7,0.0593,32.648471,13.441924,0.0901,0.0901,0.0901,0.0901,0.0000,0.0000,0.0000,0.0901,0.1802,0.0901
2024-12-19T11:53:09.8433345+03:00,124,7,0.0565,30.974191,12.752595,0.0855,0.0855,0.0855,0.0855,0.0000,0.0000,0.0000,0.0855,0.1709,0.0855
2024-12-19T11:53:09.9435116+03:00,129,8,0.0620,38.825427,12.969301,0.0826,0.0826,0.0826,0.1653,0.0000,0.0000,0.0000,0.0826,0.1653,0.0826
2024-12-19T11:53:10.0444618+03:00,134,9,0.0672,37.583014,12.554283,0.0800,0.0800,0.0800,0.1600,0.0000,0.0000,0.0000,0.0800,0.1600,0.0800
2024-12-19T11:53:10.1455334+03:00,139,9,0.0647,36.137513,12.071426,0.0769,0.0769,0.0769,0.1538,0.0000,0.0000,0.0000,0.0769,0.1538,0.0769
2024-12-19T11:53:10.2465098+03:00,144,9,0.0625,34.799087,11.624336,0.0741,0.0741,0.0741,0.1481,0.0000,0.0000,0.0000,0.0741,0.1481,0.0741
2024-12-19T11:53:10.3469633+03:00,148,9,0.0608,43.282055,12.101103,0.1439,0.0719,0.0719,0.1439,0.0000,0.0000,0.0000,0.0719,0.1439,0.0719
2024-12-19T11:53:10.4473677+03:00,153,9,0.0588,51.539387,12.257949,0.2083,0.0694,0.0694,0.1389,0.0000,0.0000,0.0000,0.0694,0.1389,0.0694
2024-12-19T11:53:10.5480755+03:00,159,9,0.0566,59.426727,11.839989,0.2000,0.0667,0.0667,0.1333,0.0667,0.0000,0.0000,0.0667,0.1333,0.0667
2024-12-19T11:53:10.6482541+03:00,163,9,0.0552,57.883175,11.532457,0.1948,0.0649,0.0649,0.1299,0.0649,0.0000,0.0000,0.0649,0.1299,0.0649
2024-12-19T11:53:10.748669+03:00,168,9,0.0536,56.062950,11.169801,0.1887,0.0629,0.0629,0.1258,0.0629,0.0000,0.0000,0.0629,0.1258,0.0629
2024-12-19T11:53:10.8491722+03:00,174,9,0.0517,64.618764,11.079191,0.1818,0.1212,0.0606,0.1212,0.0606,0.0000,0.0000,0.0606,0.1212,0.0606
2024-12-19T11:53:10.9508001+03:00,179,9,0.0503,62.718212,10.753332,0.1765,0.1176,0.0588,0.1176,0.0588,0.0000,0.0000,0.0588,0.1176,0.0588
2024-12-19T11:53:11.0523566+03:00,183,9,0.0492,72.074534,10.659091,0.1724,0.1149,0.0575,0.1149,0.0575,0.0000,0.0000,0.0575,0.1149,0.1149
2024-12-19T11:53:11.153222+03:00,188,11,0.0585,70.852932,10.478428,0.1695,0.1130,0.0565,0.1130,0.0565,0.0000,0.0000,0.0565,0.1130,0.1130
2024-12-19T11:53:11.2540329+03:00,193,12,0.0622,80.642315,14.011162,0.1657,0.1105,0.0552,0.1105,0.0552,0.0000,0.0552,0.0552,0.1105,0.1105
2024-12-19T11:53:11.3547325+03:00,198,13,0.0657,78.898698,13.708218,0.1622,0.1081,0.0541,0.1081,0.0541,0.0000,0.0541,0.0541,0.1081,0.1081
2024-12-19T11:53:11.4557478+03:00,203,13,0.0640,87.370525,13.660445,0.2105,0.1053,0.0526,0.1053,0.0526,0.0000,0.0526,0.0526,0.1053,0.1053
2024-12-19T11:53:11.5560769+03:00,209,13,0.0622,95.182912,13.540520,0.2041,0.1020,0.0510,0.1531,0.0510,0.0000,0.0510,0.0510,0.1020,0.1020
2024-12-19T11:53:11.6570897+03:00,213,13,0.0610,103.431416,14.132324,0.2000,0.1000,0.0500,0.1500,0.0500,0.0000,0.0500,0.0500,0.1500,0.1000
2024-12-19T11:53:11.7576696+03:00,220,13,0.0591,109.783783,14.627256,0.1932,0.0966,0.0483,0.1932,0.0483,0.0000,0.0483,0.0483,0.1449,0.0966
2024-12-19T11:53:11.858232+03:00,225,13,0.0578,116.498257,14.583925,0.1887,0.0943,0.0472,0.2358,0.0472,0.0000,0.0472,0.0472,0.1415,0.0943
2024-12-19T11:53:11.9591422+03:00,231,13,0.0563,122.658893,14.746769,0.1835,0.0917,0.0459,0.2294,0.0459,0.0000,0.0459,0.0459,0.1376,0.1376
2024-12-19T11:53:12.0601917+03:00,236,13,0.0551,119.908693,14.416124,0.1794,0.0897,0.0448,0.2242,0.0448,0.0000,0.0448,0.0448,0.1345,0.1345
2024-12-19T11:53:12.1607847+03:00,241,13,0.0539,125.948815,14.170155,0.1754,0.0877,0.0439,0.2193,0.0439,0.0439,0.0439,0.0439,0.1316,0.1316
2024-12-19T11:53:12.2614092+03:00,246,14,0.0569,132.664422,16.793757,0.1724,0.0862,0.0431,0.2155,0.0862,0.0431,0.0431,0.0431,0.1293,0.1293
2024-12-19T11:53:12.361718+03:00,252,15,0.0595,137.975987,18.361450,0.1688,0.0844,0.0422,0.2110,0.0844,0.0422,0.0422,0.0422,0.1688,0.1266
2024-12-19T11:53:12.4619866+03:00,257,15,0.0584,142.870289,18.300066,0.2066,0.0826,0.0413,0.2066,0.0826,0.0413,0.0413,0.0413,0.1653,0.1240
2024-12-19T11:53:12.5624224+03:00,262,15,0.0573,147.869872,18.726207,0.2024,0.0810,0.0405,0.2024,0.0810,0.0405,0.0405,0.0405,0.2024,0.1215
2024-12-19T11:53:12.6627706+03:00,267,15,0.0562,152.652945,18.914191,0.1984,0.0794,0.0794,0.1984,0.0794,0.0397,0.0397,0.0397,0.1984,0.1190
2024-12-19T11:53:12.7633073+03:00,272,17,0.0625,150.857028,18.691671,0.1961,0.0784,0.0784,0.1961,0.0784,0.0392,0.0392,0.0392,0.1961,0.1176
2024-12-19T11:53:12.8637098+03:00,277,19,0.0686,149.102877,18.474326,0.1938,0.0775,0.0775,0.1938,0.0775,0.0388,0.0388,0.0388,0.1938,0.1163
2024-12-19T11:53:12.9638897+03:00,284,21,0.0739,153.977288,20.651904,0.1901,0.0760,0.0760,0.1901,0.0760,0.0380,0.0380,0.0760,0.1901,0.1141
2024-12-19T11:53:13.0644031+03:00,289,21,0.0727,158.341087,20.409820,0.1866,0.0746,0.0746,0.1866,0.0746,0.0746,0.0373,0.0746,0.1866,0.1119
2024-12-19T11:53:13.1656254+03:00,293,22,0.0751,163.940300,21.988767,0.1845,0.0738,0.0738,0.1845,0.1107,0.0738,0.0369,0.0738,0.1845,0.1107
2024-12-19T11:53:13.2657243+03:00,298,22,0.0738,160.970367,21.590420,0.1812,0.0725,0.0725,0.1812,0.1087,0.0725,0.0362,0.0725,0.1812,0.1087
2024-12-19T11:53:13.3659442+03:00,304,22,0.0724,163.563200,21.668274,0.1773,0.0709,0.0709,0.1773,0.1418,0.0709,0.0355,0.0709,0.1773,0.1064
2024-12-19T11:53:13.4669106+03:00,309,22,0.0712,166.716068,21.408360,0.1742,0.0697,0.0697,0.2091,0.1394,0.0697,0.0348,0.0697,0.1742,0.1045
2024-12-19T11:53:13.5693046+03:00,314,22,0.0701,163.861340,21.041778,0.1712,0.0685,0.0685,0.2055,0.1370,0.0685,0.0342,0.0685,0.1712,0.1027
2024-12-19T11:53:13.6694749+03:00,319,22,0.0690,167.517389,21.735936,0.1684,0.1010,0.0673,0.2020,0.1347,0.0673,0.0337,0.0673,0.1684,0.1010
2024-12-19T11:53:13.7695263+03:00,323,23,0.0712,172.426107,22.498692,0.1667,0.1000,0.0667,0.2333,0.1333,0.0667,0.0333,0.0667,0.1667,0.1000
2024-12-19T11:53:13.8706976+03:00,326,23,0.0706,176.918890,22.312148,0.1650,0.0990,0.0660,0.2640,0.1320,0.0660,0.0330,0.0660,0.1650,0.0990
2024-12-19T11:53:13.9709311+03:00,331,23,0.0695,180.403966,22.815996,0.1623,0.0974,0.0649,0.2597,0.1299,0.0649,0.0649,0.0649,0.1623,0.0974
2024-12-19T11:53:14.0711111+03:00,336,23,0.0685,177.522114,22.451523,0.1597,0.0958,0.0639,0.2556,0.1278,0.0639,0.0639,0.0639,0.1597,0.0958
2024-12-19T11:53:14.1720846+03:00,341,23,0.0674,180.984842,22.695822,0.1572,0.0943,0.0629,0.2516,0.1258,0.0629,0.0943,0.0629,0.1572,0.0943
2024-12-19T11:53:14.2725869+03:00,346,23,0.0665,184.274699,22.940651,0.1548,0.0929,0.0619,0.2477,0.1238,0.0619,0.0929,0.0619,0.1858,0.0929
2024-12-19T11:53:14.3732331+03:00,351,23,0.0655,187.586491,22.860375,0.1524,0.0915,0.0610,0.2439,0.1220,0.0610,0.0915,0.0915,0.1829,0.0915
2024-12-19T11:53:14.4739959+03:00,356,23,0.0646,190.732379,23.278866,0.1502,0.0901,0.0601,0.2402,0.1201,0.0601,0.0901,0.0901,0.1802,0.1201
2024-12-19T11:53:14.5744428+03:00,361,23,0.0637,193.558483,23.994588,0.1775,0.0888,0.0592,0.2367,0.1183,0.0592,0.0888,0.0888,0.1775,0.1183
2024-12-19T11:53:14.67486+03:00,367,23,0.0627,190.182463,23.576078,0.1744,0.0872,0.0581,0.2326,0.1163,0.0581,0.0872,0.0872,0.1744,0.1163
2024-12-19T11:53:14.7752361+03:00,372,23,0.0618,193.035801,23.289577,0.1719,0.0860,0.0860,0.2292,0.1146,0.0573,0.0860,0.0860,0.1719,0.1146
2024-12-19T11:53:14.8759635+03:00,378,23,0.0608,195.353724,23.760109,0.1690,0.0845,0.0845,0.2254,0.1127,0.0845,0.0845,0.0845,0.1690,0.1127
2024-12-19T11:53:14.9762939+03:00,383,24,0.0627,198.749183,24.082803,0.1671,0.0836,0.0836,0.2228,0.1114,0.0836,0.0836,0.0836,0.1950,0.1114
2024-12-19T11:53:15.0769334+03:00,388,24,0.0619,196.019112,23.751995,0.1648,0.0824,0.0824,0.2198,0.1099,0.0824,0.0824,0.0824,0.1923,0.1099
2024-12-19T11:53:15.1775766+03:00,393,25,0.0636,199.429944,25.397838,0.1630,0.1087,0.0815,0.2174,0.1087,0.0815,0.0815,0.0815,0.1902,0.1087
2024-12-19T11:53:15.2788047+03:00,398,25,0.0628,201.453320,25.396987,0.1609,0.1072,0.1072,0.2145,0.1072,0.0804,0.0804,0.0804,0.1877,0.1072
2024-12-19T11:53:15.3825123+03:00,403,26,0.0645,199.315884,25.127523,0.1592,0.1061,0.1061,0.2122,0.1061,0.0796,0.0796,0.0796,0.1857,0.1061
2024-12-19T11:53:15.4829396+03:00,409,26,0.0636,201.201733,25.469211,0.1567,0.1305,0.1044,0.2089,0.1044,0.0783,0.0783,0.0783,0.1828,0.1044
2024-12-19T11:53:15.5838069+03:00,414,27,0.0652,204.187222,25.504183,0.1550,0.1292,0.1034,0.2067,0.1292,0.0775,0.0775,0.0775,0.1809,0.1034
2024-12-19T11:53:15.6848484+03:00,419,30,0.0716,203.137416,25.373056,0.1542,0.1285,0.1028,0.2057,0.1285,0.0771,0.0771,0.0771,0.1799,0.1028
2024-12-19T11:53:15.7852519+03:00,425,31,0.0729,200.559530,25.051063,0.1523,0.1269,0.1015,0.2030,0.1269,0.0761,0.0761,0.0761,0.1777,0.1015
2024-12-19T11:53:15.8857345+03:00,429,33,0.0769,199.546604,24.924543,0.1515,0.1263,0.1010,0.2020,0.1263,0.0758,0.0758,0.0758,0.1768,0.1010
2024-12-19T11:53:15.986418+03:00,435,34,0.0782,201.462217,25.032896,0.1496,0.1247,0.0998,0.1995,0.1247,0.0748,0.0998,0.0748,0.1746,0.0998
2024-12-19T11:53:16.0868087+03:00,440,35,0.0795,199.472466,24.785657,0.1481,0.1235,0.0988,0.1975,0.1235,0.0741,0.0988,0.0741,0.1728,0.0988
2024-12-19T11:53:16.1871486+03:00,444,35,0.0788,201.583459,24.557413,0.1467,0.1222,0.0978,0.1956,0.1467,0.0733,0.0978,0.0733,0.1711,0.0978
2024-12-19T11:53:16.2875164+03:00,449,35,0.0780,202.934783,26.115942,0.1449,0.1208,0.0966,0.1932,0.1449,0.0966,0.0966,0.0725,0.1691,0.0966
2024-12-19T11:53:16.3879972+03:00,455,35,0.0769,200.035714,25.742857,0.1429,0.1190,0.0952,0.1905,0.1429,0.0952,0.0952,0.0714,0.1667,0.0952
2024-12-19T11:53:16.4881446+03:00,460,35,0.0761,197.682353,25.440000,0.1412,0.1176,0.0941,0.1882,0.1412,0.0941,0.0941,0.0706,0.1647,0.0941
2024-12-19T11:53:16.5885402+03:00,465,37,0.0796,196.296729,25.261682,0.1402,0.1168,0.0935,0.1869,0.1402,0.0935,0.0935,0.0701,0.1636,0.0935
2024-12-19T11:53:16.6895269+03:00,469,37,0.0789,198.516757,25.708770,0.1389,0.1157,0.0926,0.1852,0.1389,0.0926,0.0926,0.0926,0.1620,0.0926
2024-12-19T11:53:16.7898406+03:00,476,38,0.0798,199.972644,25.994958,0.1370,0.1142,0.0913,0.1826,0.1598,0.0913,0.0913,0.0913,0.1598,0.0913
2024-12-19T11:53:16.8904311+03:00,482,39,0.0809,202.037688,26.093715,0.1354,0.1129,0.0903,0.2032,0.1580,0.0903,0.0903,0.0903,0.1580,0.0903
2024-12-19T11:53:16.9912951+03:00,487,39,0.0801,204.187550,26.350962,0.1339,0.1116,0.0893,0.2009,0.1562,0.0893,0.0893,0.0893,0.1562,0.1116
2024-12-19T11:53:17.0914128+03:00,492,39,0.0793,206.393509,26.475017,0.1325,0.1104,0.1104,0.1987,0.1545,0.0883,0.0883,0.0883,0.1545,0.1104
2024-12-19T11:53:17.1923337+03:00,497,40,0.0805,208.993360,26.459440,0.1313,0.1094,0.1094,0.1969,0.1532,0.0875,0.1094,0.0875,0.1532,0.1094
2024-12-19T11:53:17.292837+03:00,503,43,0.0855,207.630360,26.286879,0.1304,0.1087,0.1087,0.1957,0.1522,0.0870,0.1087,0.0870,0.1522,0.1087
2024-12-19T11:53:17.3936779+03:00,508,44,0.0866,205.840443,26.060268,0.1293,0.1078,0.1078,0.1940,0.1509,0.0862,0.1078,0.0862,0.1509,0.1078
2024-12-19T11:53:17.4939029+03:00,514,44,0.0856,207.337422,26.257722,0.1277,0.1277,0.1064,0.1915,0.1489,0.0851,0.1064,0.0851,0.1489,0.1064
2024-12-19T11:53:17.5941492+03:00,520,44,0.0846,208.904059,26.259508,0.1261,0.1261,0.1050,0.1891,0.1471,0.0840,0.1261,0.0840,0.1471,0.1050
2024-12-19T11:53:17.6946144+03:00,526,45,0.0856,210.777047,26.137478,0.1247,0.1247,0.1040,0.1871,0.1455,0.0832,0.1247,0.0832,0.1663,0.1040
2024-12-19T11:53:17.795076+03:00,532,46,0.0865,208.608559,25.868574,0.1235,0.1235,0.1029,0.1852,0.1440,0.0823,0.1235,0.0823,0.1646,0.1029
2024-12-19T11:53:17.8959275+03:00,538,48,0.0892,210.884773,25.823376,0.1224,0.1224,0.1020,0.1837,0.1429,0.0816,0.1429,0.0816,0.1633,0.1020
2024-12-19T11:53:17.9966602+03:00,538,48,0.0892,214.855089,26.085131,0.1224,0.1224,0.1020,0.1837,0.1429,0.0816,0.1429,0.0816,0.1837,0.1020
2024-12-19T11:53:18.0967916+03:00,538,48,0.0892,218.899360,26.579620,0.1224,0.1224,0.1224,0.1837,0.1429,0.0816,0.1429,0.0816,0.1837,0.1020
2024-12-19T11:53:18.1977829+03:00,538,48,0.0892,223.018299,27.231944,0.1224,0.1224,0.1224,0.1837,0.1633,0.0816,0.1429,0.0816,0.1837,0.1020
2024-12-19T11:53:18.2984283+03:00,538,48,0.0892,227.162055,27.598013,0.1224,0.1224,0.1224,0.1837,0.1633,0.1020,0.1429,0.0816,0.1837,0.1020
2024-12-19T11:53:18.3989601+03:00,538,48,0.0892,231.305222,28.347666,0.1224,0.1224,0.1224,0.1837,0.1633,0.1020,0.1633,0.0816,0.1837,0.1020
2024-12-19T11:53:18.4998332+03:00,538,48,0.0892,235.337704,29.629140,0.1224,0.1224,0.1224,0.1837,0.1633,0.1020,0.1633,0.1020,0.1837,0.1020
2024-12-19T11:53:18.600561+03:00,538,48,0.0892,239.359962,29.896389,0.1224,0.1224,0.1224,0.1837,0.1633,0.1020,0.1633,0.1020,0.2041,0.1020
2024-12-19T11:53:18.7007527+03:00,538,48,0.0892,243.250541,31.374052,0.1224,0.1224,0.1224,0.1837,0.1633,0.1020,0.1633,0.1020,0.2041,0.1224
2024-12-19T11:53:18.8016043+03:00,538,48,0.0892,247.242106,31.838729,0.1429,0.1224,0.1224,0.1837,0.1633,0.1020,0.1633,0.1020,0.2041,0.1224
2024-12-19T11:53:18.9021718+03:00,538,48,0.0892,251.247251,32.635826,0.1429,0.1224,0.1429,0.1837,0.1633,0.1020,0.1633,0.1020,0.2041,0.1224
2024-12-19T11:53:19.0029458+03:00,538,48,0.0892,255.120890,34.331001,0.1429,0.1224,0.1429,0.2041,0.1633,0.1020,0.1633,0.1020,0.2041,0.1224
2024-12-19T11:53:19.1039212+03:00,538,48,0.0892,259.112575,34.758055,0.1429,0.1224,0.1429,0.2041,0.1837,0.1020,0.1633,0.1020,0.2041,0.1224
2024-12-19T11:53:19.2041969+03:00,538,48,0.0892,263.020600,35.231128,0.1429,0.1224,0.1429,0.2041,0.1837,0.1224,0.1633,0.1020,0.2041,0.1224
2024-12-19T11:53:19.3051815+03:00,538,48,0.0892,266.962538,35.459455,0.1429,0.1224,0.1429,0.2041,0.1837,0.1224,0.1837,0.1020,0.2041,0.1224
2024-12-19T11:53:19.4056982+03:00,538,48,0.0892,270.858813,35.555057,0.1429,0.1224,0.1429,0.2041,0.1837,0.1224,0.1837,0.1224,0.2041,0.1224
2024-12-19T11:53:19.5067959+03:00,538,48,0.0892,274.651128,36.445735,0.1429,0.1224,0.1429,0.2041,0.1837,0.1224,0.1837,0.1224,0.2245,0.1224
2024-12-19T11:53:19.6071866+03:00,538,48,0.0892,278.614985,36.600589,0.1429,0.1224,0.1429,0.2041,0.1837,0.1224,0.1837,0.1224,0.2245,0.1429
2024-12-19T11:53:19.7080304+03:00,538,48,0.0892,282.680239,37.197346,0.1633,0.1224,0.1429,0.2041,0.1837,0.1224,0.1837,0.1224,0.2245,0.1429
2024-12-19T11:53:19.8086014+03:00,538,48,0.0892,286.712133,39.687725,0.1633,0.1429,0.1429,0.2041,0.1837,0.1224,0.1837,0.1224,0.2245,0.1429
2024-12-19T11:53:19.9093828+03:00,538,48,0.0892,290.719424,39.890495,0.1633,0.1429,0.1633,0.2041,0.1837,0.1224,0.1837,0.1224,0.2245,0.1429
2024-12-19T11:53:20.0098203+03:00,538,48,0.0892,290.719424,39.890495,0.1633,0.1429,0.1633,0.2041,0.1837,0.1224,0.1837,0.1224,0.2245,0.1429
2024-12-19T11:53:20.1105671+03:00,538,48,0.0892,290.719424,39.890495,0.1633,0.1429,0.1633,0.2041,0.1837,0.1224,0.1837,0.1224,0.2245,0.1429
2024-12-19T11:53:20.2117175+03:00,538,48,0.0892,290.719424,39.890495,0.1633,0.1429,0.1633,0.2041,0.1837,0.1224,0.1837,0.1224,0.2245,0.1429
2024-12-19T11:53:20.3119166+03:00,538,48,0.0892,290.719424,39.890495,0.1633,0.1429,0.1633,0.2041,0.1837,0.1224,0.1837,0.1224,0.2245,0.1429
2024-12-19T11:53:20.4120682+03:00,538,48,0.0892,290.719424,39.890495,0.1633,0.1429,0.1633,0.2041,0.1837,0.1224,0.1837,0.1224,0.2245,0.1429
2024-12-19T11:53:20.5126072+03:00,538,48,0.0892,290.719424,39.890495,0.1633,0.1429,0.1633,0.2041,0.1837,0.1224,0.1837,0.1224,0.2245,0.1429
2024-12-19T11:53:20.6136209+03:00,538,48,0.0892,290.719424,39.890495,0.1633,0.1429,0.1633,0.2041,0.1837,0.1224,0.1837,0.1224,0.2245,0.1429
2024-12-19T11:53:20.7137185+03:00,538,48,0.0892,290.719424,39.890495,0.1633,0.1429,0.1633,0.2041,0.1837,0.1224,0.1837,0.1224,0.2245,0.1429
2024-12-19T11:53:20.8142985+03:00,538,48,0.0892,290.719424,39.890495,0.1633,0.1429,0.1633,0.2041,0.1837,0.1224,0.1837,0.1224,0.2245,0.1429
2024-12-19T11:53:20.9144608+03:00,538,48,0.0892,290.719424,39.890495,0.1633,0.1429,0.1633,0.2041,0.1837,0.1224,0.1837,0.1224,0.2245,0.1429
2024-12-19T11:53:21.0153449+03:00,538,48,0.0892,290.719424,39.890495,0.1633,0.1429,0.1633,0.2041,0.1837,0.1224,0.1837,0.1224,0.2245,0.1429
2024-12-19T11:53:21.116497+03:00,538,48,0.0892,290.719424,39.890495,0.1633,0.1429,0.1633,0.2041,0.1837,0.1224,0.1837,0.1224,0.2245,0.1429
2024-12-19T11:53:21.2169287+03:00,538,48,0.0892,290.719424,39.890495,0.1633,0.1429,0.1633,0.2041,0.1837,0.1224,0.1837,0.1224,0.2245,0.1429
2024-12-19T11:53:21.3177633+03:00,538,48,0.0892,290.719424,39.890495,0.1633,0.1429,0.1633,0.2041,0.1837,0.1224,0.1837,0.1224,0.2245,0.1429
2024-12-19T11:53:21.4189868+03:00,538,48,0.0892,290.719424,39.890495,0.1633,0.1429,0.1633,0.2041,0.1837,0.1224,0.1837,0.1224,0.2245,0.1429
2024-12-19T11:53:21.5194651+03:00,538,48,0.0892,290.719424,39.890495,0.1633,0.1429,0.1633,0.2041,0.1837,0.1224,0.1837,0.1224,0.2245,0.1429
2024-12-19T11:53:21.6206535+03:00,538,48,0.0892,290.719424,39.890495,0.1633,0.1429,0.1633,0.2041,0.1837,0.1224,0.1837,0.1224,0.2245,0.1429
2024-12-19T11:53:21.721502+03:00,538,48,0.0892,290.719424,39.890495,0.1633,0.1429,0.1633,0.2041,0.1837,0.1224,0.1837,0.1224,0.2245,0.1429
2024-12-19T11:53:21.8220856+03:00,538,48,0.0892,290.719424,39.890495,0.1633,0.1429,0.1633,0.2041,0.1837,0.1224,0.1837,0.1224,0.2245,0.1429
2024-12-19T11:53:21.9227886+03:00,538,48,0.0892,290.719424,39.890495,0.1633,0.1429,0.1633,0.2041,0.1837,0.1224,0.1837,0.1224,0.2245,0.1429
2024-12-19T11:53:22.0238316+03:00,538,48,0.0892,290.719424,39.890495,0.1633,0.1429,0.1633,0.2041,0.1837,0.1224,0.1837,0.1224,0.2245,0.1429
2024-12-19T11:53:22.1243707+03:00,538,48,0.0892,290.719424,39.890495,0.1633,0.1429,0.1633,0.2041,0.1837,0.1224,0.1837,0.1224,0.2245,0.1429
2024-12-19T11:53:22.2251008+03:00,538,48,0.0892,290.719424,39.890495,0.1633,0.1429,0.1633,0.2041,0.1837,0.1224,0.1837,0.1224,0.2245,0.1429
2024-12-19T11:53:22.3252704+03:00,538,48,0.0892,290.719424,39.890495,0.1633,0.1429,0.1633,0.2041,0.1837,0.1224,0.1837,0.1224,0.2245,0.1429
2024-12-19T11:53:22.4263478+03:00,538,48,0.0892,290.719424,39.890495,0.1633,0.1429,0.1633,0.2041,0.1837,0.1224,0.1837,0.1224,0.2245,0.1429
2024-12-19T11:53:22.5273737+03:00,538,48,0.0892,290.719424,39.890495,0.1633,0.1429,0.1633,0.2041,0.1837,0.1224,0.1837,0.1224,0.2245,0.1429
2024-12-19T11:53:22.6286175+03:00,538,48,0.0892,290.719424,39.890495,0.1633,0.1429,0.1633,0.2041,0.1837,0.1224,0.1837,0.1224,0.2245,0.1429
2024-12-19T11:53:22.7293301+03:00,538,48,0.0892,290.719424,39.890495,0.1633,0.1429,0.1633,0.2041,0.1837,0.1224,0.1837,0.1224,0.2245,0.1429
2024-12-19T11:53:22.8301878+03:00,538,48,0.0892,290.719424,39.890495,0.1633,0.1429,0.1633,0.2041,0.1837,0.1224,0.1837,0.1224,0.2245,0.1429
2024-12-19T11:53:22.9308949+03:00,538,48,0.0892,290.719424,39.890495,0.1633,0.1429,0.1633,0.2041,0.1837,0.1224,0.1837,0.1224,0.2245,0.1429
2024-12-19T11:53:23.0316984+03:00,538,48,0.0892,290.719424,39.890495,0.1633,0.1429,0.1633,0.2041,0.1837,0.1224,0.1837,0.1224,0.2245,0.1429
2024-12-19T11:53:23.1318967+03:00,538,48,0.0892,290.719424,39.890495,0.1633,0.1429,0.1633,0.2041,0.1837,0.1224,0.1837,0.1224,0.2245,0.1429
2024-12-19T11:53:23.2324576+03:00,538,48,0.0892,290.719424,39.890495,0.1633,0.1429,0.1633,0.2041,0.1837,0.1224,0.1837,0.1224,0.2245,0.1429
2024-12-19T11:53:23.3330681+03:00,538,48,0.0892,290.719424,39.890495,0.1633,0.1429,0.1633,0.2041,0.1837,0.1224,0.1837,0.1224,0.2245,0.1429
2024-12-19T11:53:23.4335406+03:00,538,48,0.0892,290.719424,39.890495,0.1633,0.1429,0.1633,0.2041,0.1837,0.1224,0.1837,0.1224,0.2245,0.1429
2024-12-19T11:53:23.5343303+03:00,538,48,0.0892,290.719424,39.890495,0.1633,0.1429,0.1633,0.2041,0.1837,0.1224,0.1837,0.1224,0.2245,0.1429
2024-12-19T11:53:23.6353079+03:00,538,48,0.0892,290.719424,39.890495,0.1633,0.1429,0.1633,0.2041,0.1837,0.1224,0.1837,0.1224,0.2245,0.1429
2024-12-19T11:53:23.7364039+03:00,538,48,0.0892,290.719424,39.890495,0.1633,0.1429,0.1633,0.2041,0.1837,0.1224,0.1837,0.1224,0.2245,0.1429
2024-12-19T11:53:23.8376361+03:00,538,48,0.0892,290.719424,39.890495,0.1633,0.1429,0.1633,0.2041,0.1837,0.1224,0.1837,0.1224,0.2245,0.1429
2024-12-19T11:53:23.9382033+03:00,538,48,0.0892,290.719424,39.890495,0.1633,0.1429,0.1633,0.2041,0.1837,0.1224,0.1837,0.1224,0.2245,0.1429
2024-12-19T11:53:24.0387641+03:00,538,48,0.0892,290.719424,39.890495,0.1633,0.1429,0.1633,0.2041,0.1837,0.1224,0.1837,0.1224,0.2245,0.1429
2024-12-19T11:53:24.1390413+03:00,538,48,0.0892,290.719424,39.890495,0.1633,0.1429,0.1633,0.2041,0.1837,0.1224,0.1837,0.1224,0.2245,0.1429
2024-12-19T11:53:24.2392308+03:00,538,48,0.0892,290.719424,39.890495,0.1633,0.1429,0.1633,0.2041,0.1837,0.1224,0.1837,0.1224,0.2245,0.1429
2024-12-19T11:53:24.3399645+03:00,538,48,0.0892,290.719424,39.890495,0.1633,0.1429,0.1633,0.2041,0.1837,0.1224,0.1837,0.1224,0.2245,0.1429
2024-12-19T11:53:24.4403748+03:00,538,48,0.0892,290.719424,39.890495,0.1633,0.1429,0.1633,0.2041,0.1837,0.1224,0.1837,0.1224,0.2245,0.1429
2024-12-19T11:53:24.541206+03:00,538,48,0.0892,290.719424,39.890495,0.1633,0.1429,0.1633,0.2041,0.1837,0.1224,0.1837,0.1224,0.2245,0.1429
2024-12-19T11:53:24.6421689+03:00,538,48,0.0892,290.719424,39.890495,0.1633,0.1429,0.1633,0.2041,0.1837,0.1224,0.1837,0.1224,0.2245,0.1429
2024-12-19T11:53:24.7432782+03:00,538,48,0.0892,290.719424,39.890495,0.1633,0.1429,0.1633,0.2041,0.1837,0.1224,0.1837,0.1224,0.2245,0.1429
2024-12-19T11:53:24.8442455+03:00,538,48,0.0892,290.719424,39.890495,0.1633,0.1429,0.1633,0.2041,0.1837,0.1224,0.1837,0.1224,0.2245,0.1429
2024-12-19T11:53:24.944932+03:00,538,48,0.0892,290.719424,39.890495,0.1633,0.1429,0.1633,0.2041,0.1837,0.1224,0.1837,0.1224,0.2245,0.1429
2024-12-19T11:53:25.0456356+03:00,538,48,0.0892,290.719424,39.890495,0.1633,0.1429,0.1633,0.2041,0.1837,0.1224,0.1837,0.1224,0.2245,0.1429
2024-12-19T11:53:25.1458309+03:00,538,48,0.0892,290.719424,39.890495,0.1633,0.1429,0.1633,0.2041,0.1837,0.1224,0.1837,0.1224,0.2245,0.1429
2024-12-19T11:53:25.2469413+03:00,538,48,0.0892,290.719424,39.890495,0.1633,0.1429,0.1633,0.2041,0.1837,0.1224,0.1837,0.1224,0.2245,0.1429
2024-12-19T11:53:25.3481644+03:00,538,48,0.0892,290.719424,39.890495,0.1633,0.1429,0.1633,0.2041,0.1837,0.1224,0.1837,0.1224,0.2245,0.1429
2024-12-19T11:53:25.4487985+03:00,538,48,0.0892,290.719424,39.890495,0.1633,0.1429,0.1633,0.2041,0.1837,0.1224,0.1837,0.1224,0.2245,0.1429
2024-12-19T11:53:25.5489292+03:00,538,48,0.0892,290.719424,39.890495,0.1633,0.1429,0.1633,0.2041,0.1837,0.1224,0.1837,0.1224,0.2245,0.1429
2024-12-19T11:53:25.6492962+03:00,538,48,0.0892,290.719424,39.890495,0.1633,0.1429,0.1633,0.2041,0.1837,0.1224,0.1837,0.1224,0.2245,0.1429
2024-12-19T11:53:25.7500874+03:00,538,48,0.0892,290.719424,39.890495,0.1633,0.1429,0.1633,0.2041,0.1837,0.1224,0.1837,0.1224,0.2245,0.1429
2024-12-19T11:53:25.8506333+03:00,538,48,0.0892,290.719424,39.890495,0.1633,0.1429,0.1633,0.2041,0.1837,0.1224,0.1837,0.1224,0.2245,0.1429
2024-12-19T11:53:25.9517374+03:00,538,48,0.0892,290.719424,39.890495,0.1633,0.1429,0.1633,0.2041,0.1837,0.1224,0.1837,0.1224,0.2245,0.1429
2024-12-19T11:53:26.0519883+03:00,538,48,0.0892,290.719424,39.890495,0.1633,0.1429,0.1633,0.2041,0.1837,0.1224,0.1837,0.1224,0.2245,0.1429
2024-12-19T11:53:26.152909+03:00,538,48,0.0892,290.719424,39.890495,0.1633,0.1429,0.1633,0.2041,0.1837,0.1224,0.1837,0.1224,0.2245,0.1429
2024-12-19T11:53:26.2536322+03:00,538,48,0.0892,290.719424,39.890495,0.1633,0.1429,0.1633,0.2041,0.1837,0.1224,0.1837,0.1224,0.2245,0.1429
2024-12-19T11:53:26.3539535+03:00,538,48,0.0892,290.719424,39.890495,0.1633,0.1429,0.1633,0.2041,0.1837,0.1224,0.1837,0.1224,0.2245,0.1429
2024-12-19T11:53:26.4546981+03:00,538,48,0.0892,290.719424,39.890495,0.1633,0.1429,0.1633,0.2041,0.1837,0.1224,0.1837,0.1224,0.2245,0.1429
2024-12-19T11:53:26.5558049+03:00,538,48,0.0892,290.719424,39.890495,0.1633,0.1429,0.1633,0.2041,0.1837,0.1224,0.1837,0.1224,0.2245,0.1429
2024-12-19T11:53:26.6560282+03:00,538,48,0.0892,290.719424,39.890495,0.1633,0.1429,0.1633,0.2041,0.1837,0.1224,0.1837,0.1224,0.2245,0.1429
2024-12-19T11:53:26.7565195+03:00,538,48,0.0892,290.719424,39.890495,0.1633,0.1429,0.1633,0.2041,0.1837,0.1224,0.1837,0.1224,0.2245,0.1429
2024-12-19T11:53:26.8570254+03:00,538,48,0.0892,290.719424,39.890495,0.1633,0.1429,0.1633,0.2041,0.1837,0.1224,0.1837,0.1224,0.2245,0.1429
2024-12-19T11:53:26.9579424+03:00,538,48,0.0892,290.719424,39.890495,0.1633,0.1429,0.1633,0.2041,0.1837,0.1224,0.1837,0.1224,0.2245,0.1429
2024-12-19T11:53:27.0582686+03:00,538,48,0.0892,290.719424,39.890495,0.1633,0.1429,0.1633,0.2041,0.1837,0.1224,0.1837,0.1224,0.2245,0.1429
2024-12-19T11:53:27.1588511+03:00,538,48,0.0892,290.719424,39.890495,0.1633,0.1429,0.1633,0.2041,0.1837,0.1224,0.1837,0.1224,0.2245,0.1429
2024-12-19T11:53:27.2596392+03:00,538,48,0.0892,290.719424,39.890495,0.1633,0.1429,0.1633,0.2041,0.1837,0.1224,0.1837,0.1224,0.2245,0.1429
2024-12-19T11:53:27.3602082+03:00,538,48,0.0892,290.719424,39.890495,0.1633,0.1429,0.1633,0.2041,0.1837,0.1224,0.1837,0.1224,0.2245,0.1429
2024-12-19T11:53:27.4608083+03:00,538,48,0.0892,290.719424,39.890495,0.1633,0.1429,0.1633,0.2041,0.1837,0.1224,0.1837,0.1224,0.2245,0.1429
2024-12-19T11:53:27.5615509+03:00,538,48,0.0892,290.719424,39.890495,0.1633,0.1429,0.1633,0.2041,0.1837,0.1224,0.1837,0.1224,0.2245,0.1429
2024-12-19T11:53:27.6623074+03:00,538,48,0.0892,290.719424,39.890495,0.1633,0.1429,0.1633,0.2041,0.1837,0.1224,0.1837,0.1224,0.2245,0.1429
2024-12-19T11:53:27.7628288+03:00,538,48,0.0892,290.719424,39.890495,0.1633,0.1429,0.1633,0.2041,0.1837,0.1224,0.1837,0.1224,0.2245,0.1429
2024-12-19T11:53:27.8630064+03:00,538,48,0.0892,290.719424,39.890495,0.1633,0.1429,0.1633,0.2041,0.1837,0.1224,0.1837,0.1224,0.2245,0.1429
2024-12-19T11:53:27.9635501+03:00,538,48,0.0892,290.719424,39.890495,0.1633,0.1429,0.1633,0.2041,0.1837,0.1224,0.1837,0.1224,0.2245,0.1429
2024-12-19T11:53:28.0643316+03:00,538,48,0.0892,290.719424,39.890495,0.1633,0.1429,0.1633,0.2041,0.1837,0.1224,0.1837,0.1224,0.2245,0.1429
2024-12-19T11:53:28.1654199+03:00,538,48,0.0892,290.719424,39.890495,0.1633,0.1429,0.1633,0.2041,0.1837,0.1224,0.1837,0.1224,0.2245,0.1429
2024-12-19T11:53:28.2660544+03:00,538,48,0.0892,290.719424,39.890495,0.1633,0.1429,0.1633,0.2041,0.1837,0.1224,0.1837,0.1224,0.2245,0.1429
2024-12-19T11:53:28.3663117+03:00,538,48,0.0892,290.719424,39.890495,0.1633,0.1429,0.1633,0.2041,0.1837,0.1224,0.1837,0.1224,0.2245,0.1429
2024-12-19T11:53:28.4665357+03:00,538,48,0.0892,290.719424,39.890495,0.1633,0.1429,0.1633,0.2041,0.1837,0.1224,0.1837,0.1224,0.2245,0.1429
2024-12-19T11:53:28.5669686+03:00,538,48,0.0892,290.719424,39.890495,0.1633,0.1429,0.1633,0.2041,0.1837,0.1224,0.1837,0.1224,0.2245,0.1429
2024-12-19T11:53:28.6679177+03:00,538,48,0.0892,290.719424,39.890495,0.1633,0.1429,0.1633,0.2041,0.1837,0.1224,0.1837,0.1224,0.2245,0.1429
2024-12-19T11:53:28.7689718+03:00,538,48,0.0892,290.719424,39.890495,0.1633,0.1429,0.1633,0.2041,0.1837,0.1224,0.1837,0.1224,0.2245,0.1429
2024-12-19T11:53:28.8697029+03:00,538,48,0.0892,290.719424,39.890495,0.1633,0.1429,0.1633,0.2041,0.1837,0.1224,0.1837,0.1224,0.2245,0.1429
2024-12-19T11:53:28.9709334+03:00,538,48,0.0892,290.719424,39.890495,0.1633,0.1429,0.1633,0.2041,0.1837,0.1224,0.1837,0.1224,0.2245,0.1429
2024-12-19T11:53:29.0715629+03:00,538,48,0.0892,290.719424,39.890495,0.1633,0.1429,0.1633,0.2041,0.1837,0.1224,0.1837,0.1224,0.2245,0.1429
2024-12-19T11:53:29.171787+03:00,538,48,0.0892,290.719424,39.890495,0.1633,0.1429,0.1633,0.2041,0.1837,0.1224,0.1837,0.1224,0.2245,0.1429
2024-12-19T11:53:29.2730315+03:00,538,48,0.0892,290.719424,39.890495,0.1633,0.1429,0.1633,0.2041,0.1837,0.1224,0.1837,0.1224,0.2245,0.1429
2024-12-19T11:53:29.3737582+03:00,538,48,0.0892,290.719424,39.890495,0.1633,0.1429,0.1633,0.2041,0.1837,0.1224,0.1837,0.1224,0.2245,0.1429
2024-12-19T11:53:29.4743959+03:00,538,48,0.0892,290.719424,39.890495,0.1633,0.1429,0.1633,0.2041,0.1837,0.1224,0.1837,0.1224,0.2245,0.1429
2024-12-19T11:53:29.5749098+03:00,538,48,0.0892,290.719424,39.890495,0.1633,0.1429,0.1633,0.2041,0.1837,0.1224,0.1837,0.1224,0.2245,0.1429
2024-12-19T11:53:29.6757442+03:00,538,48,0.0892,290.719424,39.890495,0.1633,0.1429,0.1633,0.2041,0.1837,0.1224,0.1837,0.1224,0.2245,0.1429
2024-12-19T11:53:29.7760158+03:00,538,48,0.0892,290.719424,39.890495,0.1633,0.1429,0.1633,0.2041,0.1837,0.1224,0.1837,0.1224,0.2245,0.1429
2024-12-19T11:53:29.8764493+03:00,538,48,0.0892,290.719424,39.890495,0.1633,0.1429,0.1633,0.2041,0.1837,0.1224,0.1837,0.1224,0.2245,0.1429
2024-12-19T11:53:29.9767242+03:00,538,48,0.0892,290.719424,39.890495,0.1633,0.1429,0.1633,0.2041,0.1837,0.1224,0.1837,0.1224,0.2245,0.1429
2024-12-19T11:53:30.0777906+03:00,538,48,0.0892,290.719424,39.890495,0.1633,0.1429,0.1633,0.2041,0.1837,0.1224,0.1837,0.1224,0.2245,0.1429
2024-12-19T11:53:30.1784289+03:00,538,48,0.0892,290.719424,39.890495,0.1633,0.1429,0.1633,0.2041,0.1837,0.1224,0.1837,0.1224,0.2245,0.1429
2024-12-19T11:53:30.2794647+03:00,538,48,0.0892,290.719424,39.890495,0.1633,0.1429,0.1633,0.2041,0.1837,0.1224,0.1837,0.1224,0.2245,0.1429
2024-12-19T11:53:30.3797368+03:00,538,48,0.0892,290.719424,39.890495,0.1633,0.1429,0.1633,0.2041,0.1837,0.1224,0.1837,0.1224,0.2245,0.1429
2024-12-19T11:53:30.4801638+03:00,538,48,0.0892,290.719424,39.890495,0.1633,0.1429,0.1633,0.2041,0.1837,0.1224,0.1837,0.1224,0.2245,0.1429
2024-12-19T11:53:30.5807946+03:00,538,48,0.0892,290.719424,39.890495,0.1633,0.1429,0.1633,0.2041,0.1837,0.1224,0.1837,0.1224,0.2245,0.1429
2024-12-19T11:53:30.6813761+03:00,538,48,0.0892,290.719424,39.890495,0.1633,0.1429,0.1633,0.2041,0.1837,0.1224,0.1837,0.1224,0.2245,0.1429
2024-12-19T11:53:30.7824489+03:00,538,48,0.0892,290.719424,39.890495,0.1633,0.1429,0.1633,0.2041,0.1837,0.1224,0.1837,0.1224,0.2245,0.1429
2024-12-19T11:53:30.8826078+03:00,538,48,0.0892,290.719424,39.890495,0.1633,0.1429,0.1633,0.2041,0.1837,0.1224,0.1837,0.1224,0.2245,0.1429
2024-12-19T11:53:30.9832203+03:00,538,48,0.0892,290.719424,39.890495,0.1633,0.1429,0.1633,0.2041,0.1837,0.1224,0.1837,0.1224,0.2245,0.1429
2024-12-19T11:53:31.0834945+03:00,538,48,0.0892,290.719424,39.890495,0.1633,0.1429,0.1633,0.2041,0.1837,0.1224,0.1837,0.1224,0.2245,0.1429
2024-12-19T11:53:31.1841543+03:00,538,48,0.0892,290.719424,39.890495,0.1633,0.1429,0.1633,0.2041,0.1837,0.1224,0.1837,0.1224,0.2245,0.1429
2024-12-19T11:53:31.2848104+03:00,538,48,0.0892,290.719424,39.890495,0.1633,0.1429,0.1633,0.2041,0.1837,0.1224,0.1837,0.1224,0.2245,0.1429
2024-12-19T11:53:31.3855723+03:00,538,48,0.0892,290.719424,39.890495,0.1633,0.1429,0.1633,0.2041,0.1837,0.1224,0.1837,0.1224,0.2245,0.1429
2024-12-19T11:53:31.4862411+03:00,538,48,0.0892,290.719424,39.890495,0.1633,0.1429,0.1633,0.2041,0.1837,0.1224,0.1837,0.1224,0.2245,0.1429
2024-12-19T11:53:31.5872223+03:00,538,48,0.0892,290.719424,39.890495,0.1633,0.1429,0.1633,0.2041,0.1837,0.1224,0.1837,0.1224,0.2245,0.1429
2024-12-19T11:53:31.687414+03:00,538,48,0.0892,290.719424,39.890495,0.1633,0.1429,0.1633,0.2041,0.1837,0.1224,0.1837,0.1224,0.2245,0.1429
2024-12-19T11:53:31.7881759+03:00,538,48,0.0892,290.719424,39.890495,0.1633,0.1429,0.1633,0.2041,0.1837,0.1224,0.1837,0.1224,0.2245,0.1429
2024-12-19T11:53:31.8892265+03:00,538,48,0.0892,290.719424,39.890495,0.1633,0.1429,0.1633,0.2041,0.1837,0.1224,0.1837,0.1224,0.2245,0.1429
2024-12-19T11:53:31.9903836+03:00,538,48,0.0892,290.719424,39.890495,0.1633,0.1429,0.1633,0.2041,0.1837,0.1224,0.1837,0.1224,0.2245,0.1429
2024-12-19T11:53:32.0911496+03:00,538,48,0.0892,290.719424,39.890495,0.1633,0.1429,0.1633,0.2041,0.1837,0.1224,0.1837,0.1224,0.2245,0.1429
2024-12-19T11:53:32.1918125+03:00,538,48,0.0892,290.719424,39.890495,0.1633,0.1429,0.1633,0.2041,0.1837,0.1224,0.1837,0.1224,0.2245,0.1429
2024-12-19T11:53:32.2925408+03:00,538,48,0.0892,290.719424,39.890495,0.1633,0.1429,0.1633,0.2041,0.1837,0.1224,0.1837,0.1224,0.2245,0.1429
2024-12-19T11:53:32.3930007+03:00,538,48,0.0892,290.719424,39.890495,0.1633,0.1429,0.1633,0.2041,0.1837,0.1224,0.1837,0.1224,0.2245,0.1429
2024-12-19T11:53:32.4938792+03:00,538,48,0.0892,290.719424,39.890495,0.1633,0.1429,0.1633,0.2041,0.1837,0.1224,0.1837,0.1224,0.2245,0.1429
2024-12-19T11:53:32.5948635+03:00,538,48,0.0892,290.719424,39.890495,0.1633,0.1429,0.1633,0.2041,0.1837,0.1224,0.1837,0.1224,0.2245,0.1429
2024-12-19T11:53:32.6956564+03:00,538,48,0.0892,290.719424,39.890495,0.1633,0.1429,0.1633,0.2041,0.1837,0.1224,0.1837,0.1224,0.2245,0.1429
2024-12-19T11:53:32.7958729+03:00,538,48,0.0892,290.719424,39.890495,0.1633,0.1429,0.1633,0.2041,0.1837,0.1224,0.1837,0.1224,0.2245,0.1429
2024-12-19T11:53:32.8970785+03:00,538,48,0.0892,290.719424,39.890495,0.1633,0.1429,0.1633,0.2041,0.1837,0.1224,0.1837,0.1224,0.2245,0.1429
2024-12-19T11:53:32.9977436+03:00,538,48,0.0892,290.719424,39.890495,0.1633,0.1429,0.1633,0.2041,0.1837,0.1224,0.1837,0.1224,0.2245,0.1429
2024-12-19T11:53:33.0984176+03:00,538,48,0.0892,290.719424,39.890495,0.1633,0.1429,0.1633,0.2041,0.1837,0.1224,0.1837,0.1224,0.2245,0.1429
2024-12-19T11:53:33.1988696+03:00,538,48,0.0892,290.719424,39.890495,0.1633,0.1429,0.1633,0.2041,0.1837,0.1224,0.1837,0.1224,0.2245,0.1429
2024-12-19T11:53:33.2997432+03:00,538,48,0.0892,290.719424,39.890495,0.1633,0.1429,0.1633,0.2041,0.1837,0.1224,0.1837,0.1224,0.2245,0.1429
2024-12-19T11:53:33.4009009+03:00,538,48,0.0892,290.719424,39.890495,0.1633,0.1429,0.1633,0.2041,0.1837,0.1224,0.1837,0.1224,0.2245,0.1429
2024-12-19T11:53:33.5015615+03:00,538,48,0.0892,290.719424,39.890495,0.1633,0.1429,0.1633,0.2041,0.1837,0.1224,0.1837,0.1224,0.2245,0.1429
2024-12-19T11:53:33.602146+03:00,538,48,0.0892,290.719424,39.890495,0.1633,0.1429,0.1633,0.2041,0.1837,0.1224,0.1837,0.1224,0.2245,0.1429
2024-12-19T11:53:33.7031729+03:00,538,48,0.0892,290.719424,39.890495,0.1633,0.1429,0.1633,0.2041,0.1837,0.1224,0.1837,0.1224,0.2245,0.1429
2024-12-19T11:53:33.8039293+03:00,538,48,0.0892,290.719424,39.890495,0.1633,0.1429,0.1633,0.2041,0.1837,0.1224,0.1837,0.1224,0.2245,0.1429
2024-12-19T11:53:33.9045584+03:00,538,48,0.0892,290.719424,39.890495,0.1633,0.1429,0.1633,0.2041,0.1837,0.1224,0.1837,0.1224,0.2245,0.1429
2024-12-19T11:53:34.0056482+03:00,538,48,0.0892,290.719424,39.890495,0.1633,0.1429,0.1633,0.2041,0.1837,0.1224,0.1837,0.1224,0.2245,0.1429
2024-12-19T11:53:34.1061275+03:00,538,48,0.0892,290.719424,39.890495,0.1633,0.1429,0.1633,0.2041,0.1837,0.1224,0.1837,0.1224,0.2245,0.1429
2024-12-19T11:53:34.2064325+03:00,538,48,0.0892,290.719424,39.890495,0.1633,0.1429,0.1633,0.2041,0.1837,0.1224,0.1837,0.1224,0.2245,0.1429
2024-12-19T11:53:34.3070084+03:00,538,48,0.0892,290.719424,39.890495,0.1633,0.1429,0.1633,0.2041,0.1837,0.1224,0.1837,0.1224,0.2245,0.1429
2024-12-19T11:53:34.407678+03:00,538,48,0.0892,290.719424,39.890495,0.1633,0.1429,0.1633,0.2041,0.1837,0.1224,0.1837,0.1224,0.2245,0.1429
2024-12-19T11:53:34.5082325+03:00,538,48,0.0892,290.719424,39.890495,0.1633,0.1429,0.1633,0.2041,0.1837,0.1224,0.1837,0.1224,0.2245,0.1429
2024-12-19T11:53:34.6091637+03:00,538,48,0.0892,290.719424,39.890495,0.1633,0.1429,0.1633,0.2041,0.1837,0.1224,0.1837,0.1224,0.2245,0.1429
2024-12-19T11:53:34.7100577+03:00,538,48,0.0892,290.719424,39.890495,0.1633,0.1429,0.1633,0.2041,0.1837,0.1224,0.1837,0.1224,0.2245,0.1429
2024-12-19T11:53:34.8104999+03:00,538,48,0.0892,290.719424,39.890495,0.1633,0.1429,0.1633,0.2041,0.1837,0.1224,0.1837,0.1224,0.2245,0.1429
2024-12-19T11:53:34.9111472+03:00,538,48,0.0892,290.719424,39.890495,0.1633,0.1429,0.1633,0.2041,0.1837,0.1224,0.1837,0.1224,0.2245,0.1429
2024-12-19T11:53:35.0122399+03:00,538,48,0.0892,290.719424,39.890495,0.1633,0.1429,0.1633,0.2041,0.1837,0.1224,0.1837,0.1224,0.2245,0.1429
2024-12-19T11:53:35.1125898+03:00,538,48,0.0892,290.719424,39.890495,0.1633,0.1429,0.1633,0.2041,0.1837,0.1224,0.1837,0.1224,0.2245,0.1429
2024-12-19T11:53:35.2132539+03:00,538,48,0.0892,290.719424,39.890495,0.1633,0.1429,0.1633,0.2041,0.1837,0.1224,0.1837,0.1224,0.2245,0.1429
2024-12-19T11:53:35.313707+03:00,538,48,0.0892,290.719424,39.890495,0.1633,0.1429,0.1633,0.2041,0.1837,0.1224,0.1837,0.1224,0.2245,0.1429
2024-12-19T11:53:35.4148684+03:00,538,48,0.0892,290.719424,39.890495,0.1633,0.1429,0.1633,0.2041,0.1837,0.1224,0.1837,0.1224,0.2245,0.1429
2024-12-19T11:53:35.5159261+03:00,538,48,0.0892,290.719424,39.890495,0.1633,0.1429,0.1633,0.2041,0.1837,0.1224,0.1837,0.1224,0.2245,0.1429
2024-12-19T11:53:35.6170732+03:00,538,48,0.0892,290.719424,39.890495,0.1633,0.1429,0.1633,0.2041,0.1837,0.1224,0.1837,0.1224,0.2245,0.1429
2024-12-19T11:53:35.7179076+03:00,538,48,0.0892,290.719424,39.890495,0.1633,0.1429,0.1633,0.2041,0.1837,0.1224,0.1837,0.1224,0.2245,0.1429
2024-12-19T11:53:35.8189621+03:00,538,48,0.0892,290.719424,39.890495,0.1633,0.1429,0.1633,0.2041,0.1837,0.1224,0.1837,0.1224,0.2245,0.1429
2024-12-19T11:53:35.9194593+03:00,538,48,0.0892,290.719424,39.890495,0.1633,0.1429,0.1633,0.2041,0.1837,0.1224,0.1837,0.1224,0.2245,0.1429
2024-12-19T11:53:36.0195817+03:00,538,48,0.0892,290.719424,39.890495,0.1633,0.1429,0.1633,0.2041,0.1837,0.1224,0.1837,0.1224,0.2245,0.1429
2024-12-19T11:53:36.1197563+03:00,538,48,0.0892,290.719424,39.890495,0.1633,0.1429,0.1633,0.2041,0.1837,0.1224,0.1837,0.1224,0.2245,0.1429
2024-12-19T11:53:36.2203007+03:00,538,48,0.0892,290.719424,39.890495,0.1633,0.1429,0.1633,0.2041,0.1837,0.1224,0.1837,0.1224,0.2245,0.1429
2024-12-19T11:53:36.3212886+03:00,538,48,0.0892,290.719424,39.890495,0.1633,0.1429,0.1633,0.2041,0.1837,0.1224,0.1837,0.1224,0.2245,0.1429
2024-12-19T11:53:36.4223242+03:00,538,48,0.0892,290.719424,39.890495,0.1633,0.1429,0.1633,0.2041,0.1837,0.1224,0.1837,0.1224,0.2245,0.1429
2024-12-19T11:53:36.5223972+03:00,538,48,0.0892,290.719424,39.890495,0.1633,0.1429,0.1633,0.2041,0.1837,0.1224,0.1837,0.1224,0.2245,0.1429
2024-12-19T11:53:36.6232238+03:00,538,48,0.0892,290.719424,39.890495,0.1633,0.1429,0.1633,0.2041,0.1837,0.1224,0.1837,0.1224,0.2245,0.1429
2024-12-19T11:53:36.7233778+03:00,538,48,0.0892,290.719424,39.890495,0.1633,0.1429,0.1633,0.2041,0.1837,0.1224,0.1837,0.1224,0.2245,0.1429
2024-12-19T11:53:36.8242684+03:00,538,48,0.0892,290.719424,39.890495,0.1633,0.1429,0.1633,0.2041,0.1837,0.1224,0.1837,0.1224,0.2245,0.1429
2024-12-19T11:53:36.9252142+03:00,538,48,0.0892,290.719424,39.890495,0.1633,0.1429,0.1633,0.2041,0.1837,0.1224,0.1837,0.1224,0.2245,0.1429
2024-12-19T11:53:37.0256454+03:00,538,48,0.0892,290.719424,39.890495,0.1633,0.1429,0.1633,0.2041,0.1837,0.1224,0.1837,0.1224,0.2245,0.1429
2024-12-19T11:53:37.1268565+03:00,538,48,0.0892,290.719424,39.890495,0.1633,0.1429,0.1633,0.2041,0.1837,0.1224,0.1837,0.1224,0.2245,0.1429
2024-12-19T11:53:37.2277214+03:00,538,48,0.0892,290.719424,39.890495,0.1633,0.1429,0.1633,0.2041,0.1837,0.1224,0.1837,0.1224,0.2245,0.1429
2024-12-19T11:53:37.3284344+03:00,538,48,0.0892,290.719424,39.890495,0.1633,0.1429,0.1633,0.2041,0.1837,0.1224,0.1837,0.1224,0.2245,0.1429
2024-12-19T11:53:37.4294956+03:00,538,48,0.0892,290.719424,39.890495,0.1633,0.1429,0.1633,0.2041,0.1837,0.1224,0.1837,0.1224,0.2245,0.1429
2024-12-19T11:53:37.530237+03:00,538,48,0.0892,290.719424,39.890495,0.1633,0.1429,0.1633,0.2041,0.1837,0.1224,0.1837,0.1224,0.2245,0.1429
2024-12-19T11:53:37.6307022+03:00,538,48,0.0892,290.719424,39.890495,0.1633,0.1429,0.1633,0.2041,0.1837,0.1224,0.1837,0.1224,0.2245,0.1429
2024-12-19T11:53:37.7308923+03:00,538,48,0.0892,290.719424,39.890495,0.1633,0.1429,0.1633,0.2041,0.1837,0.1224,0.1837,0.1224,0.2245,0.1429
2024-12-19T11:53:37.8320124+03:00,538,48,0.0892,290.719424,39.890495,0.1633,0.1429,0.1633,0.2041,0.1837,0.1224,0.1837,0.1224,0.2245,0.1429
2024-12-19T11:53:37.9326354+03:00,538,48,0.0892,290.719424,39.890495,0.1633,0.1429,0.1633,0.2041,0.1837,0.1224,0.1837,0.1224,0.2245,0.1429
